[2021-03-24 12:09:55Z INFO HostContext] No proxy settings were found based on environmental variables (http_proxy/https_proxy/HTTP_PROXY/HTTPS_PROXY)
[2021-03-24 12:09:55Z INFO HostContext] Well known directory 'Bin': '/var/www/html/bin'
[2021-03-24 12:09:55Z INFO HostContext] Well known directory 'Root': '/var/www/html'
[2021-03-24 12:09:55Z INFO HostContext] Well known config file 'Credentials': '/var/www/html/.credentials'
[2021-03-24 12:09:55Z INFO Listener] Runner is built for Linux (X64) - linux-x64.
[2021-03-24 12:09:55Z INFO Listener] RuntimeInformation: Linux 5.4.0-1032-aws #33-Ubuntu SMP Wed Dec 9 17:13:04 UTC 2020.
[2021-03-24 12:09:55Z INFO Listener] Version: 2.277.1
[2021-03-24 12:09:55Z INFO Listener] Commit: 183a3dd9a0d4d51feddc5fe9fa6c3b5f8b08343d
[2021-03-24 12:09:55Z INFO Listener] Culture: 
[2021-03-24 12:09:55Z INFO Listener] UI Culture: 
[2021-03-24 12:09:55Z INFO HostContext] Well known directory 'Bin': '/var/www/html/bin'
[2021-03-24 12:09:55Z INFO HostContext] Well known directory 'Root': '/var/www/html'
[2021-03-24 12:09:55Z INFO Listener] Validating directory permissions for: '/var/www/html'
[2021-03-24 12:09:55Z INFO CommandLineParser] Parse
[2021-03-24 12:09:55Z INFO CommandLineParser] Parsing 5 args
[2021-03-24 12:09:55Z INFO CommandLineParser] parsing argument
[2021-03-24 12:09:55Z INFO CommandLineParser] HasArgs: False
[2021-03-24 12:09:55Z INFO CommandLineParser] Adding Command: configure
[2021-03-24 12:09:55Z INFO CommandLineParser] parsing argument
[2021-03-24 12:09:55Z INFO CommandLineParser] HasArgs: True
[2021-03-24 12:09:55Z INFO CommandLineParser] arg: url
[2021-03-24 12:09:55Z INFO CommandLineParser] parsing argument
[2021-03-24 12:09:55Z INFO CommandLineParser] HasArgs: True
[2021-03-24 12:09:55Z INFO CommandLineParser] Adding option 'url': 'https://github.com/samofficial-cloud/UPMIS'
[2021-03-24 12:09:55Z INFO CommandLineParser] parsing argument
[2021-03-24 12:09:55Z INFO CommandLineParser] HasArgs: True
[2021-03-24 12:09:55Z INFO CommandLineParser] arg: token
[2021-03-24 12:09:55Z INFO CommandLineParser] parsing argument
[2021-03-24 12:09:55Z INFO CommandLineParser] HasArgs: True
[2021-03-24 12:09:55Z INFO CommandLineParser] Adding option 'token': '***'
[2021-03-24 12:09:55Z INFO Listener] Arguments parsed
[2021-03-24 12:09:55Z INFO Runner] ExecuteCommand
[2021-03-24 12:09:55Z INFO ConfigurationStore] currentAssemblyLocation: /var/www/html/bin/Runner.Listener.dll
[2021-03-24 12:09:55Z INFO HostContext] Well known directory 'Bin': '/var/www/html/bin'
[2021-03-24 12:09:55Z INFO ConfigurationStore] binPath: /var/www/html/bin
[2021-03-24 12:09:55Z INFO HostContext] Well known directory 'Bin': '/var/www/html/bin'
[2021-03-24 12:09:55Z INFO HostContext] Well known directory 'Root': '/var/www/html'
[2021-03-24 12:09:55Z INFO ConfigurationStore] RootFolder: /var/www/html
[2021-03-24 12:09:55Z INFO HostContext] Well known directory 'Bin': '/var/www/html/bin'
[2021-03-24 12:09:55Z INFO HostContext] Well known directory 'Root': '/var/www/html'
[2021-03-24 12:09:55Z INFO HostContext] Well known config file 'Runner': '/var/www/html/.runner'
[2021-03-24 12:09:55Z INFO ConfigurationStore] ConfigFilePath: /var/www/html/.runner
[2021-03-24 12:09:55Z INFO HostContext] Well known directory 'Bin': '/var/www/html/bin'
[2021-03-24 12:09:55Z INFO HostContext] Well known directory 'Root': '/var/www/html'
[2021-03-24 12:09:55Z INFO HostContext] Well known config file 'Credentials': '/var/www/html/.credentials'
[2021-03-24 12:09:55Z INFO ConfigurationStore] CredFilePath: /var/www/html/.credentials
[2021-03-24 12:09:55Z INFO HostContext] Well known directory 'Bin': '/var/www/html/bin'
[2021-03-24 12:09:55Z INFO HostContext] Well known directory 'Root': '/var/www/html'
[2021-03-24 12:09:55Z INFO HostContext] Well known config file 'MigratedCredentials': '/var/www/html/.credentials_migrated'
[2021-03-24 12:09:55Z INFO ConfigurationStore] MigratedCredFilePath: /var/www/html/.credentials_migrated
[2021-03-24 12:09:55Z INFO HostContext] Well known directory 'Bin': '/var/www/html/bin'
[2021-03-24 12:09:55Z INFO HostContext] Well known directory 'Root': '/var/www/html'
[2021-03-24 12:09:55Z INFO HostContext] Well known config file 'Service': '/var/www/html/.service'
[2021-03-24 12:09:55Z INFO ConfigurationStore] ServiceConfigFilePath: /var/www/html/.service
[2021-03-24 12:09:55Z INFO CommandSettings] Flag 'help': 'False'
[2021-03-24 12:09:55Z INFO CommandSettings] Flag 'version': 'False'
[2021-03-24 12:09:55Z INFO CommandSettings] Flag 'commit': 'False'
[2021-03-24 12:09:55Z INFO CommandSettings] Flag 'check': 'False'
[2021-03-24 12:09:55Z INFO CommandSettings] Command 'configure': 'True'
[2021-03-24 12:09:55Z INFO Terminal] WRITE LINE: 
[2021-03-24 12:09:55Z INFO Terminal] WRITE LINE: --------------------------------------------------------------------------------
[2021-03-24 12:09:55Z INFO Terminal] WRITE LINE: |        ____ _ _   _   _       _          _        _   _                      |
[2021-03-24 12:09:55Z INFO Terminal] WRITE LINE: |       / ___(_) |_| | | |_   _| |__      / \   ___| |_(_) ___  _ __  ___      |
[2021-03-24 12:09:55Z INFO Terminal] WRITE LINE: |      | |  _| | __| |_| | | | | '_ \    / _ \ / __| __| |/ _ \| '_ \/ __|     |
[2021-03-24 12:09:55Z INFO Terminal] WRITE LINE: |      | |_| | | |_|  _  | |_| | |_) |  / ___ \ (__| |_| | (_) | | | \__ \     |
[2021-03-24 12:09:55Z INFO Terminal] WRITE LINE: |       \____|_|\__|_| |_|\__,_|_.__/  /_/   \_\___|\__|_|\___/|_| |_|___/     |
[2021-03-24 12:09:55Z INFO Terminal] WRITE LINE: |                                                                              |
[2021-03-24 12:09:55Z INFO Terminal] WRITE: |                       
[2021-03-24 12:09:55Z INFO Terminal] WRITE: Self-hosted runner registration
[2021-03-24 12:09:55Z INFO Terminal] WRITE LINE:                         |
[2021-03-24 12:09:55Z INFO Terminal] WRITE LINE: |                                                                              |
[2021-03-24 12:09:55Z INFO Terminal] WRITE LINE: --------------------------------------------------------------------------------
[2021-03-24 12:09:55Z INFO ConfigurationManager] ConfigureAsync
[2021-03-24 12:09:55Z INFO ConfigurationStore] IsConfigured()
[2021-03-24 12:09:55Z INFO ConfigurationStore] IsConfigured: False
[2021-03-24 12:09:55Z INFO ConfigurationManager] Is configured: False
[2021-03-24 12:09:55Z INFO CommandSettings] Arg 'url': 'https://github.com/samofficial-cloud/UPMIS'
[2021-03-24 12:09:55Z INFO CommandSettings] Remove url from Arg dictionary.
[2021-03-24 12:09:55Z INFO CommandSettings] Arg 'token': '***'
[2021-03-24 12:09:55Z INFO CommandSettings] Remove token from Arg dictionary.
[2021-03-24 12:09:55Z INFO ConfigurationManager] Http response code: OK from 'POST https://api.github.com/actions/runner-registration'
[2021-03-24 12:09:55Z INFO ConfigurationManager] cred retrieved via GitHub auth
[2021-03-24 12:09:55Z INFO RunnerServer] Establish connection with 100 seconds timeout.
[2021-03-24 12:09:55Z INFO GitHubActionsService] Starting operation Location.GetConnectionData
[2021-03-24 12:09:55Z INFO RunnerServer] Establish connection with 60 seconds timeout.
[2021-03-24 12:09:55Z INFO GitHubActionsService] Starting operation Location.GetConnectionData
[2021-03-24 12:09:55Z INFO RunnerServer] Establish connection with 60 seconds timeout.
[2021-03-24 12:09:55Z INFO GitHubActionsService] Starting operation Location.GetConnectionData
[2021-03-24 12:09:56Z INFO GitHubActionsService] Finished operation Location.GetConnectionData
[2021-03-24 12:09:56Z INFO GitHubActionsService] Finished operation Location.GetConnectionData
[2021-03-24 12:09:56Z INFO GitHubActionsService] Finished operation Location.GetConnectionData
[2021-03-24 12:09:56Z INFO Terminal] WRITE LINE: 
[2021-03-24 12:09:56Z INFO ConfigurationManager] Test Connection complete.
[2021-03-24 12:09:56Z INFO HostContext] Well known directory 'Bin': '/var/www/html/bin'
[2021-03-24 12:09:56Z INFO HostContext] Well known directory 'Root': '/var/www/html'
[2021-03-24 12:09:56Z INFO HostContext] Well known config file 'RSACredentials': '/var/www/html/.credentials_rsaparams'
[2021-03-24 12:09:56Z INFO RSAFileKeyManager] Creating new RSA key using 2048-bit key length
[2021-03-24 12:09:56Z INFO RSAFileKeyManager] Successfully saved RSA key parameters to file /var/www/html/.credentials_rsaparams
[2021-03-24 12:09:56Z INFO RSAFileKeyManager] Which: 'chmod'
[2021-03-24 12:09:56Z INFO RSAFileKeyManager] Location: '/usr/bin/chmod'
[2021-03-24 12:09:56Z INFO HostContext] Well known directory 'Bin': '/var/www/html/bin'
[2021-03-24 12:09:56Z INFO HostContext] Well known directory 'Root': '/var/www/html'
[2021-03-24 12:09:56Z INFO ProcessInvokerWrapper] Starting process:
[2021-03-24 12:09:56Z INFO ProcessInvokerWrapper]   File name: '/usr/bin/chmod'
[2021-03-24 12:09:56Z INFO ProcessInvokerWrapper]   Arguments: '600 /var/www/html/.credentials_rsaparams'
[2021-03-24 12:09:56Z INFO ProcessInvokerWrapper]   Working directory: '/var/www/html'
[2021-03-24 12:09:56Z INFO ProcessInvokerWrapper]   Require exit code zero: 'False'
[2021-03-24 12:09:56Z INFO ProcessInvokerWrapper]   Encoding web name:  ; code page: ''
[2021-03-24 12:09:56Z INFO ProcessInvokerWrapper]   Force kill process on cancellation: 'False'
[2021-03-24 12:09:56Z INFO ProcessInvokerWrapper]   Redirected STDIN: 'False'
[2021-03-24 12:09:56Z INFO ProcessInvokerWrapper]   Persist current code page: 'False'
[2021-03-24 12:09:56Z INFO ProcessInvokerWrapper]   Keep redirected STDIN open: 'False'
[2021-03-24 12:09:56Z INFO ProcessInvokerWrapper]   High priority process: 'False'
[2021-03-24 12:09:56Z INFO ProcessInvokerWrapper] Process started with process id 550976, waiting for process exit.
[2021-03-24 12:09:56Z INFO ProcessInvokerWrapper] STDOUT/STDERR stream read finished.
[2021-03-24 12:09:56Z INFO ProcessInvokerWrapper] STDOUT/STDERR stream read finished.
[2021-03-24 12:09:56Z INFO ProcessInvokerWrapper] Finished process 550976 with exit code 0, and elapsed time 00:00:00.0224732.
[2021-03-24 12:09:56Z INFO RSAFileKeyManager] Successfully set permissions for RSA key parameters file /var/www/html/.credentials_rsaparams
[2021-03-24 12:09:56Z INFO ConfigurationManager] Found a self-hosted runner group with id {1} and name {2} 1, Default
[2021-03-24 12:09:56Z INFO CommandSettings] Arg 'name': ''
[2021-03-24 12:09:56Z INFO CommandSettings] Flag 'unattended': 'False'
[2021-03-24 12:09:56Z INFO PromptManager] ReadValue
[2021-03-24 12:09:56Z INFO Terminal] WRITE: Enter the name of runner: 
[2021-03-24 12:09:56Z INFO Terminal] WRITE: [press Enter for 2fcb736c1d63] 
[2021-03-24 12:09:56Z INFO Terminal] READ LINE
[2021-03-24 12:10:19Z INFO Terminal] Read value: 'Final Deployment'
[2021-03-24 12:10:19Z INFO Terminal] WRITE LINE: 
[2021-03-24 12:10:19Z INFO CommandSettings] Arg 'labels': ''
[2021-03-24 12:10:19Z INFO CommandSettings] Flag 'unattended': 'False'
[2021-03-24 12:10:19Z INFO PromptManager] ReadValue
[2021-03-24 12:10:19Z INFO Terminal] WRITE: This runner will have the following labels: 'self-hosted', 'Linux', 'X64' 
Enter any additional labels (ex. label-1,label-2): 
[2021-03-24 12:10:19Z INFO Terminal] WRITE: [press Enter to skip] 
[2021-03-24 12:10:19Z INFO Terminal] READ LINE
[2021-03-24 12:10:22Z INFO Terminal] Read value: ''
[2021-03-24 12:10:22Z INFO Terminal] WRITE LINE: 
[2021-03-24 12:10:23Z INFO ConfigurationStore] Saving OAuth credential @ /var/www/html/.credentials
[2021-03-24 12:10:23Z INFO ConfigurationStore] Credentials Saved.
[2021-03-24 12:10:23Z INFO ConfigurationStore] HasCredentials()
[2021-03-24 12:10:23Z INFO ConfigurationStore] stored True
[2021-03-24 12:10:23Z INFO CredentialManager] GetCredentialProvider
[2021-03-24 12:10:23Z INFO CredentialManager] Creating type OAuth
[2021-03-24 12:10:23Z INFO CredentialManager] Creating credential type: OAuth
[2021-03-24 12:10:23Z INFO RSAFileKeyManager] Loading RSA key parameters from file /var/www/html/.credentials_rsaparams
[2021-03-24 12:10:23Z INFO RunnerServer] Establish connection with 100 seconds timeout.
[2021-03-24 12:10:23Z INFO GitHubActionsService] Starting operation Location.GetConnectionData
[2021-03-24 12:10:23Z INFO RunnerServer] Establish connection with 60 seconds timeout.
[2021-03-24 12:10:23Z INFO GitHubActionsService] Starting operation Location.GetConnectionData
[2021-03-24 12:10:23Z INFO RunnerServer] Establish connection with 60 seconds timeout.
[2021-03-24 12:10:23Z INFO GitHubActionsService] Starting operation Location.GetConnectionData
[2021-03-24 12:10:23Z INFO GitHubActionsService] Finished operation Location.GetConnectionData
[2021-03-24 12:10:23Z INFO GitHubActionsService] Finished operation Location.GetConnectionData
[2021-03-24 12:10:23Z INFO GitHubActionsService] Finished operation Location.GetConnectionData
[2021-03-24 12:10:23Z WARN GitHubActionsService] Authentication failed with status code 401.
WWW-Authenticate: Bearer
Strict-Transport-Security: max-age=2592000
X-TFS-ProcessId: 64864797-5f08-417e-a8b6-366dfef46a4f
ActivityId: 0213c93a-f138-48cc-8746-fa4531bab548
X-TFS-Session: 90d883cb-20db-484e-8657-8456ce68c39b
X-VSS-E2EID: 0d4e9781-63e3-4ebd-9e1c-1dd96b5d9d71
X-VSS-SenderDeploymentId: ac98198d-4d34-0364-420d-bafa6e51dce2
X-TFS-ServiceError: The+user+%27System%3aPublicAccess%3baaaaaaaa-aaaa-aaaa-aaaa-aaaaaaaaaaaa%27+is+not+authorized+to+access+this+resource.
X-VSS-S2STargetService: 0000005A-0000-8888-8000-000000000000/visualstudio.com
X-MSEdge-Ref: Ref A: 193F35500E284744816475ED21F0824D Ref B: PDX31EDGE0107 Ref C: 2021-03-24T12:10:23Z
Date: Wed, 24 Mar 2021 12:10:23 GMT

[2021-03-24 12:10:23Z INFO RSAFileKeyManager] Loading RSA key parameters from file /var/www/html/.credentials_rsaparams
[2021-03-24 12:10:23Z INFO RSAFileKeyManager] Loading RSA key parameters from file /var/www/html/.credentials_rsaparams
[2021-03-24 12:10:24Z INFO GitHubActionsService] AAD Correlation ID for this token request: Unknown
[2021-03-24 12:10:24Z INFO CommandSettings] Arg 'work': ''
[2021-03-24 12:10:24Z INFO CommandSettings] Flag 'unattended': 'False'
[2021-03-24 12:10:24Z INFO PromptManager] ReadValue
[2021-03-24 12:10:24Z INFO Terminal] WRITE: Enter name of work folder: 
[2021-03-24 12:10:24Z INFO Terminal] WRITE: [press Enter for _work] 
[2021-03-24 12:10:24Z INFO Terminal] READ LINE
[2021-03-24 12:10:47Z INFO Terminal] Read value: 'html'
[2021-03-24 12:10:47Z INFO ConfigurationStore] Saving runner settings.
[2021-03-24 12:10:47Z INFO ConfigurationStore] Settings Saved.
[2021-03-24 12:10:47Z INFO Terminal] WRITE LINE: 
[2021-03-24 12:10:47Z INFO Terminal] WRITE LINE: 
[2021-03-24 12:10:47Z INFO SystemDControlManager] Service name 'actions.runner.samofficial-cloud-UPMIS.Final Deployment.service' display name 'GitHub Actions Runner (samofficial-cloud-UPMIS.Final Deployment)' will be used for service configuration.
[2021-03-24 12:10:47Z INFO HostContext] Well known directory 'Bin': '/var/www/html/bin'
[2021-03-24 12:10:47Z INFO HostContext] Well known directory 'Root': '/var/www/html'
[2021-03-24 12:10:47Z INFO HostContext] Well known directory 'Bin': '/var/www/html/bin'
[2021-03-24 12:10:47Z INFO HostContext] Well known directory 'Bin': '/var/www/html/bin'
[2021-03-24 12:10:47Z INFO HostContext] Well known directory 'Root': '/var/www/html'
[2021-03-24 12:10:47Z INFO UnixUtil] Which: 'chmod'
[2021-03-24 12:10:47Z INFO UnixUtil] Location: '/usr/bin/chmod'
[2021-03-24 12:10:47Z INFO UnixUtil] Running /usr/bin/chmod 755 "/var/www/html/svc.sh"
[2021-03-24 12:10:47Z INFO ProcessInvokerWrapper] Starting process:
[2021-03-24 12:10:47Z INFO ProcessInvokerWrapper]   File name: '/usr/bin/chmod'
[2021-03-24 12:10:47Z INFO ProcessInvokerWrapper]   Arguments: '755 "/var/www/html/svc.sh"'
[2021-03-24 12:10:47Z INFO ProcessInvokerWrapper]   Working directory: '/var/www/html'
[2021-03-24 12:10:47Z INFO ProcessInvokerWrapper]   Require exit code zero: 'True'
[2021-03-24 12:10:47Z INFO ProcessInvokerWrapper]   Encoding web name:  ; code page: ''
[2021-03-24 12:10:47Z INFO ProcessInvokerWrapper]   Force kill process on cancellation: 'False'
[2021-03-24 12:10:47Z INFO ProcessInvokerWrapper]   Redirected STDIN: 'False'
[2021-03-24 12:10:47Z INFO ProcessInvokerWrapper]   Persist current code page: 'False'
[2021-03-24 12:10:47Z INFO ProcessInvokerWrapper]   Keep redirected STDIN open: 'False'
[2021-03-24 12:10:47Z INFO ProcessInvokerWrapper]   High priority process: 'False'
[2021-03-24 12:10:47Z INFO ProcessInvokerWrapper] Updated oom_score_adj to 500 for PID: 551016.
[2021-03-24 12:10:47Z INFO ProcessInvokerWrapper] Process started with process id 551016, waiting for process exit.
[2021-03-24 12:10:47Z INFO ProcessInvokerWrapper] STDOUT/STDERR stream read finished.
[2021-03-24 12:10:47Z INFO ProcessInvokerWrapper] STDOUT/STDERR stream read finished.
[2021-03-24 12:10:47Z INFO ProcessInvokerWrapper] Finished process 551016 with exit code 0, and elapsed time 00:00:00.0173800.
[2021-03-24 12:10:47Z INFO Listener] Runner execution has finished with return code 0
