[2021-03-24 12:37:13Z INFO HostContext] No proxy settings were found based on environmental variables (http_proxy/https_proxy/HTTP_PROXY/HTTPS_PROXY)
[2021-03-24 12:37:13Z INFO HostContext] Well known directory 'Bin': '/var/www/html/bin'
[2021-03-24 12:37:13Z INFO HostContext] Well known directory 'Root': '/var/www/html'
[2021-03-24 12:37:13Z INFO HostContext] Well known config file 'Credentials': '/var/www/html/.credentials'
[2021-03-24 12:37:13Z INFO Worker] Version: 2.277.1
[2021-03-24 12:37:13Z INFO Worker] Commit: 183a3dd9a0d4d51feddc5fe9fa6c3b5f8b08343d
[2021-03-24 12:37:13Z INFO Worker] Culture: 
[2021-03-24 12:37:13Z INFO Worker] UI Culture: 
[2021-03-24 12:37:13Z INFO Worker] Waiting to receive the job message from the channel.
[2021-03-24 12:37:13Z INFO Worker] Message received.
[2021-03-24 12:37:14Z INFO Worker] Job message:
 {
  "fileTable": [
    ".github/workflows/laravel.yml"
  ],
  "mask": [
    {
      "type": "regex",
      "value": "***"
    },
    {
      "type": "regex",
      "value": "***"
    },
    {
      "type": "regex",
      "value": "***"
    },
    {
      "type": "regex",
      "value": "***"
    },
    {
      "type": "regex",
      "value": "***"
    },
    {
      "type": "regex",
      "value": "***"
    },
    {
      "type": "regex",
      "value": "***"
    },
    {
      "type": "regex",
      "value": "***"
    },
    {
      "type": "regex",
      "value": "***"
    }
  ],
  "steps": [
    {
      "type": "action",
      "reference": {
        "type": "repository",
        "name": "actions/checkout",
        "ref": "v2",
        "repositoryType": "GitHub",
        "path": ""
      },
      "condition": "success()",
      "id": "ec45f485-8c55-5e99-f8a0-a82563f40d5b",
      "name": "actionscheckout"
    },
    {
      "type": "action",
      "reference": {
        "type": "script"
      },
      "displayNameToken": {
        "type": 0,
        "file": 1,
        "line": 15,
        "col": 13,
        "lit": "Configure application"
      },
      "inputs": {
        "type": 2,
        "map": [
          {
            "key": "script",
            "value": {
              "type": 0,
              "file": 1,
              "line": 16,
              "col": 12,
              "lit": "git pull origin master\ncomposer install\nphp artisan cache:clear\nphp artisan view:clear\nphp artisan config:cache\n"
            }
          }
        ]
      },
      "condition": "success()",
      "id": "17477f87-fab6-50d5-7dcf-f49cbea510d3",
      "name": "run"
    }
  ],
  "variables": {
    "system.isScheduled": {
      "value": "False"
    },
    "system": {
      "value": "actions"
    },
    "system.hosttype": {
      "value": "actions"
    },
    "system.servertype": {
      "value": "Hosted"
    },
    "system.culture": {
      "value": "en-US"
    },
    "system.collectionId": {
      "value": "a5e7ad8a-9259-4ec9-bb94-650a36c82fb9"
    },
    "system.collectionUri": {
      "value": "https://pipelines.actions.githubusercontent.com/9e5Xl6s48QeVVooxkzz1T2rzQHypxNyQ5ArcjDqn2hqliH9nQq/"
    },
    "system.taskDefinitionsUri": {
      "value": "https://pipelines.actions.githubusercontent.com/9e5Xl6s48QeVVooxkzz1T2rzQHypxNyQ5ArcjDqn2hqliH9nQq/"
    },
    "system.pipelineStartTime": {
      "value": "2021-03-24 12:37:10+00:00"
    },
    "system.definitionId": {
      "value": "3"
    },
    "system.runner.lowdiskspacethreshold": {
      "value": "100"
    },
    "DistributedTask.NewActionMetadata": {
      "value": "true"
    },
    "DistributedTask.UseContextNameForGITHUBACTION": {
      "value": "true"
    },
    "system.teamProjectId": {
      "value": "00000000-0000-0000-0000-000000000000"
    },
    "build.buildId": {
      "value": "8"
    },
    "build.containerId": {
      "value": "311973"
    },
    "system.workflowFilePath": {
      "value": ".github/workflows/laravel.yml"
    },
    "system.definitionName": {
      "value": "UPMIS"
    },
    "system.planId": {
      "value": "328ccbc0-f1c7-4429-a7fd-6943c86bc1d6"
    },
    "system.timelineId": {
      "value": "328ccbc0-f1c7-4429-a7fd-6943c86bc1d6"
    },
    "system.stageDisplayName": {
      "value": "__default"
    },
    "system.stageId": {
      "value": "96ac2280-8cb4-5df5-99de-dd2da759617d"
    },
    "system.stageName": {
      "value": "__default"
    },
    "system.stageAttempt": {
      "value": "1"
    },
    "system.phaseDisplayName": {
      "value": "laravel-tests"
    },
    "system.phaseId": {
      "value": "62044ced-e34f-55a5-50c3-53b6a847578f"
    },
    "system.phaseName": {
      "value": "laravel-tests"
    },
    "system.phaseAttempt": {
      "value": "1"
    },
    "system.jobIdentifier": {
      "value": "laravel-tests.__default"
    },
    "system.jobAttempt": {
      "value": "1"
    },
    "System.JobPositionInPhase": {
      "value": "1"
    },
    "System.TotalJobsInPhase": {
      "value": "1"
    },
    "system.github.job": {
      "value": "laravel-tests"
    },
    "system.jobDisplayName": {
      "value": "laravel-tests"
    },
    "system.jobId": {
      "value": "58db5990-a15b-5a14-b197-cb3269b353df"
    },
    "system.jobName": {
      "value": "__default"
    },
    "system.github.token.permissions": {
      "value": "{\"Actions\":\"write\",\"Checks\":\"write\",\"Contents\":\"write\",\"Deployments\":\"write\",\"Issues\":\"write\",\"Metadata\":\"read\",\"OrganizationPackages\":\"write\",\"Packages\":\"write\",\"PullRequests\":\"write\",\"RepositoryProjects\":\"write\",\"SecurityEvents\":\"write\",\"Statuses\":\"write\"}"
    },
    "system.github.token": {
      "value": "***",
      "isSecret": true
    },
    "system.runnerGroupName": {
      "value": "Default"
    }
  },
  "messageType": "PipelineAgentJobRequest",
  "plan": {
    "scopeIdentifier": "00000000-0000-0000-0000-000000000000",
    "planType": "Actions",
    "version": 12,
    "planId": "328ccbc0-f1c7-4429-a7fd-6943c86bc1d6",
    "planGroup": "Actions:00000000-0000-0000-0000-000000000000:1",
    "artifactUri": "vstfs:///Build/Build/8",
    "artifactLocation": null,
    "definition": {
      "_links": {},
      "id": 3,
      "name": "UPMIS"
    },
    "owner": {
      "_links": {},
      "id": 3,
      "name": "samofficial-cloud"
    }
  },
  "timeline": {
    "id": "328ccbc0-f1c7-4429-a7fd-6943c86bc1d6",
    "changeId": 7,
    "location": null
  },
  "jobId": "58db5990-a15b-5a14-b197-cb3269b353df",
  "jobDisplayName": "laravel-tests",
  "jobName": "__default",
  "requestId": 7,
  "lockedUntil": "0001-01-01T00:00:00",
  "resources": {
    "endpoints": [
      {
        "data": {
          "ServerId": "a5e7ad8a-9259-4ec9-bb94-650a36c82fb9",
          "ServerName": "9e5Xl6s48QeVVooxkzz1T2rzQHypxNyQ5ArcjDqn2hqliH9nQq",
          "CacheServerUrl": "https://artifactcache.actions.githubusercontent.com/9e5Xl6s48QeVVooxkzz1T2rzQHypxNyQ5ArcjDqn2hqliH9nQq/"
        },
        "name": "SystemVssConnection",
        "url": "https://pipelines.actions.githubusercontent.com/9e5Xl6s48QeVVooxkzz1T2rzQHypxNyQ5ArcjDqn2hqliH9nQq/",
        "authorization": {
          "parameters": {
            "AccessToken": ***
          },
          "scheme": "OAuth"
        },
        "isShared": false,
        "isReady": true
      }
    ]
  },
  "contextData": {
    "github": {
      "t": 2,
      "d": [
        {
          "k": "ref",
          "v": "refs/heads/master"
        },
        {
          "k": "sha",
          "v": "c8d7b064f500790e074f528697f245f32dbafc5c"
        },
        {
          "k": "repository",
          "v": "samofficial-cloud/UPMIS"
        },
        {
          "k": "repository_owner",
          "v": "samofficial-cloud"
        },
        {
          "k": "repositoryUrl",
          "v": "git://github.com/samofficial-cloud/UPMIS.git"
        },
        {
          "k": "run_id",
          "v": "683037854"
        },
        {
          "k": "run_number",
          "v": "10"
        },
        {
          "k": "retention_days",
          "v": "90"
        },
        {
          "k": "actor",
          "v": "samofficial-cloud"
        },
        {
          "k": "workflow",
          "v": "Laravel"
        },
        {
          "k": "head_ref",
          "v": ""
        },
        {
          "k": "base_ref",
          "v": ""
        },
        {
          "k": "event_name",
          "v": "push"
        },
        {
          "k": "event",
          "v": {
            "t": 2,
            "d": [
              {
                "k": "after",
                "v": "c8d7b064f500790e074f528697f245f32dbafc5c"
              },
              {
                "k": "base_ref",
                "v": null
              },
              {
                "k": "before",
                "v": "a6392e4bc1bf23a95052fe2b92284b893035dcca"
              },
              {
                "k": "commits",
                "v": {
                  "t": 1,
                  "a": [
                    {
                      "t": 2,
                      "d": [
                        {
                          "k": "author",
                          "v": {
                            "t": 2,
                            "d": [
                              {
                                "k": "email",
                                "v": "samforallstuffs@gmail.com"
                              },
                              {
                                "k": "name",
                                "v": "Sam server"
                              }
                            ]
                          }
                        },
                        {
                          "k": "committer",
                          "v": {
                            "t": 2,
                            "d": [
                              {
                                "k": "email",
                                "v": "samforallstuffs@gmail.com"
                              },
                              {
                                "k": "name",
                                "v": "Sam server"
                              }
                            ]
                          }
                        },
                        {
                          "k": "distinct",
                          "v": true
                        },
                        {
                          "k": "id",
                          "v": "c8d7b064f500790e074f528697f245f32dbafc5c"
                        },
                        {
                          "k": "message",
                          "v": "added runner"
                        },
                        {
                          "k": "timestamp",
                          "v": "2021-03-24T12:34:27Z"
                        },
                        {
                          "k": "tree_id",
                          "v": "a504d4eb8198d022ba4b430c9853bfdb6c0873dc"
                        },
                        {
                          "k": "url",
                          "v": "https://github.com/samofficial-cloud/UPMIS/commit/c8d7b064f500790e074f528697f245f32dbafc5c"
                        }
                      ]
                    }
                  ]
                }
              },
              {
                "k": "compare",
                "v": "https://github.com/samofficial-cloud/UPMIS/compare/a6392e4bc1bf...c8d7b064f500"
              },
              {
                "k": "created",
                "v": false
              },
              {
                "k": "deleted",
                "v": false
              },
              {
                "k": "forced",
                "v": false
              },
              {
                "k": "head_commit",
                "v": {
                  "t": 2,
                  "d": [
                    {
                      "k": "author",
                      "v": {
                        "t": 2,
                        "d": [
                          {
                            "k": "email",
                            "v": "samforallstuffs@gmail.com"
                          },
                          {
                            "k": "name",
                            "v": "Sam server"
                          }
                        ]
                      }
                    },
                    {
                      "k": "committer",
                      "v": {
                        "t": 2,
                        "d": [
                          {
                            "k": "email",
                            "v": "samforallstuffs@gmail.com"
                          },
                          {
                            "k": "name",
                            "v": "Sam server"
                          }
                        ]
                      }
                    },
                    {
                      "k": "distinct",
                      "v": true
                    },
                    {
                      "k": "id",
                      "v": "c8d7b064f500790e074f528697f245f32dbafc5c"
                    },
                    {
                      "k": "message",
                      "v": "added runner"
                    },
                    {
                      "k": "timestamp",
                      "v": "2021-03-24T12:34:27Z"
                    },
                    {
                      "k": "tree_id",
                      "v": "a504d4eb8198d022ba4b430c9853bfdb6c0873dc"
                    },
                    {
                      "k": "url",
                      "v": "https://github.com/samofficial-cloud/UPMIS/commit/c8d7b064f500790e074f528697f245f32dbafc5c"
                    }
                  ]
                }
              },
              {
                "k": "pusher",
                "v": {
                  "t": 2,
                  "d": [
                    {
                      "k": "email",
                      "v": "57223482+samofficial-cloud@users.noreply.github.com"
                    },
                    {
                      "k": "name",
                      "v": "samofficial-cloud"
                    }
                  ]
                }
              },
              {
                "k": "ref",
                "v": "refs/heads/master"
              },
              {
                "k": "repository",
                "v": {
                  "t": 2,
                  "d": [
                    {
                      "k": "archive_url",
                      "v": "https://api.github.com/repos/samofficial-cloud/UPMIS/{archive_format}{/ref}"
                    },
                    {
                      "k": "archived",
                      "v": false
                    },
                    {
                      "k": "assignees_url",
                      "v": "https://api.github.com/repos/samofficial-cloud/UPMIS/assignees{/user}"
                    },
                    {
                      "k": "blobs_url",
                      "v": "https://api.github.com/repos/samofficial-cloud/UPMIS/git/blobs{/sha}"
                    },
                    {
                      "k": "branches_url",
                      "v": "https://api.github.com/repos/samofficial-cloud/UPMIS/branches{/branch}"
                    },
                    {
                      "k": "clone_url",
                      "v": "https://github.com/samofficial-cloud/UPMIS.git"
                    },
                    {
                      "k": "collaborators_url",
                      "v": "https://api.github.com/repos/samofficial-cloud/UPMIS/collaborators{/collaborator}"
                    },
                    {
                      "k": "comments_url",
                      "v": "https://api.github.com/repos/samofficial-cloud/UPMIS/comments{/number}"
                    },
                    {
                      "k": "commits_url",
                      "v": "https://api.github.com/repos/samofficial-cloud/UPMIS/commits{/sha}"
                    },
                    {
                      "k": "compare_url",
                      "v": "https://api.github.com/repos/samofficial-cloud/UPMIS/compare/{base}...{head}"
                    },
                    {
                      "k": "contents_url",
                      "v": "https://api.github.com/repos/samofficial-cloud/UPMIS/contents/{+path}"
                    },
                    {
                      "k": "contributors_url",
                      "v": "https://api.github.com/repos/samofficial-cloud/UPMIS/contributors"
                    },
                    {
                      "k": "created_at",
                      "v": 1591253270.0
                    },
                    {
                      "k": "default_branch",
                      "v": "master"
                    },
                    {
                      "k": "deployments_url",
                      "v": "https://api.github.com/repos/samofficial-cloud/UPMIS/deployments"
                    },
                    {
                      "k": "description",
                      "v": null
                    },
                    {
                      "k": "disabled",
                      "v": false
                    },
                    {
                      "k": "downloads_url",
                      "v": "https://api.github.com/repos/samofficial-cloud/UPMIS/downloads"
                    },
                    {
                      "k": "events_url",
                      "v": "https://api.github.com/repos/samofficial-cloud/UPMIS/events"
                    },
                    {
                      "k": "fork",
                      "v": false
                    },
                    {
                      "k": "forks",
                      "v": 0.0
                    },
                    {
                      "k": "forks_count",
                      "v": 0.0
                    },
                    {
                      "k": "forks_url",
                      "v": "https://api.github.com/repos/samofficial-cloud/UPMIS/forks"
                    },
                    {
                      "k": "full_name",
                      "v": "samofficial-cloud/UPMIS"
                    },
                    {
                      "k": "git_commits_url",
                      "v": "https://api.github.com/repos/samofficial-cloud/UPMIS/git/commits{/sha}"
                    },
                    {
                      "k": "git_refs_url",
                      "v": "https://api.github.com/repos/samofficial-cloud/UPMIS/git/refs{/sha}"
                    },
                    {
                      "k": "git_tags_url",
                      "v": "https://api.github.com/repos/samofficial-cloud/UPMIS/git/tags{/sha}"
                    },
                    {
                      "k": "git_url",
                      "v": "git://github.com/samofficial-cloud/UPMIS.git"
                    },
                    {
                      "k": "has_downloads",
                      "v": true
                    },
                    {
                      "k": "has_issues",
                      "v": true
                    },
                    {
                      "k": "has_pages",
                      "v": false
                    },
                    {
                      "k": "has_projects",
                      "v": true
                    },
                    {
                      "k": "has_wiki",
                      "v": true
                    },
                    {
                      "k": "homepage",
                      "v": null
                    },
                    {
                      "k": "hooks_url",
                      "v": "https://api.github.com/repos/samofficial-cloud/UPMIS/hooks"
                    },
                    {
                      "k": "html_url",
                      "v": "https://github.com/samofficial-cloud/UPMIS"
                    },
                    {
                      "k": "id",
                      "v": 269282047.0
                    },
                    {
                      "k": "issue_comment_url",
                      "v": "https://api.github.com/repos/samofficial-cloud/UPMIS/issues/comments{/number}"
                    },
                    {
                      "k": "issue_events_url",
                      "v": "https://api.github.com/repos/samofficial-cloud/UPMIS/issues/events{/number}"
                    },
                    {
                      "k": "issues_url",
                      "v": "https://api.github.com/repos/samofficial-cloud/UPMIS/issues{/number}"
                    },
                    {
                      "k": "keys_url",
                      "v": "https://api.github.com/repos/samofficial-cloud/UPMIS/keys{/key_id}"
                    },
                    {
                      "k": "labels_url",
                      "v": "https://api.github.com/repos/samofficial-cloud/UPMIS/labels{/name}"
                    },
                    {
                      "k": "language",
                      "v": "Blade"
                    },
                    {
                      "k": "languages_url",
                      "v": "https://api.github.com/repos/samofficial-cloud/UPMIS/languages"
                    },
                    {
                      "k": "license",
                      "v": null
                    },
                    {
                      "k": "master_branch",
                      "v": "master"
                    },
                    {
                      "k": "merges_url",
                      "v": "https://api.github.com/repos/samofficial-cloud/UPMIS/merges"
                    },
                    {
                      "k": "milestones_url",
                      "v": "https://api.github.com/repos/samofficial-cloud/UPMIS/milestones{/number}"
                    },
                    {
                      "k": "mirror_url",
                      "v": null
                    },
                    {
                      "k": "name",
                      "v": "UPMIS"
                    },
                    {
                      "k": "node_id",
                      "v": "MDEwOlJlcG9zaXRvcnkyNjkyODIwNDc="
                    },
                    {
                      "k": "notifications_url",
                      "v": "https://api.github.com/repos/samofficial-cloud/UPMIS/notifications{?since,all,participating}"
                    },
                    {
                      "k": "open_issues",
                      "v": 0.0
                    },
                    {
                      "k": "open_issues_count",
                      "v": 0.0
                    },
                    {
                      "k": "owner",
                      "v": {
                        "t": 2,
                        "d": [
                          {
                            "k": "avatar_url",
                            "v": "https://avatars.githubusercontent.com/u/57223482?v=4"
                          },
                          {
                            "k": "email",
                            "v": "57223482+samofficial-cloud@users.noreply.github.com"
                          },
                          {
                            "k": "events_url",
                            "v": "https://api.github.com/users/samofficial-cloud/events{/privacy}"
                          },
                          {
                            "k": "followers_url",
                            "v": "https://api.github.com/users/samofficial-cloud/followers"
                          },
                          {
                            "k": "following_url",
                            "v": "https://api.github.com/users/samofficial-cloud/following{/other_user}"
                          },
                          {
                            "k": "gists_url",
                            "v": "https://api.github.com/users/samofficial-cloud/gists{/gist_id}"
                          },
                          {
                            "k": "gravatar_id",
                            "v": ""
                          },
                          {
                            "k": "html_url",
                            "v": "https://github.com/samofficial-cloud"
                          },
                          {
                            "k": "id",
                            "v": 57223482.0
                          },
                          {
                            "k": "login",
                            "v": "samofficial-cloud"
                          },
                          {
                            "k": "name",
                            "v": "samofficial-cloud"
                          },
                          {
                            "k": "node_id",
                            "v": "MDQ6VXNlcjU3MjIzNDgy"
                          },
                          {
                            "k": "organizations_url",
                            "v": "https://api.github.com/users/samofficial-cloud/orgs"
                          },
                          {
                            "k": "received_events_url",
                            "v": "https://api.github.com/users/samofficial-cloud/received_events"
                          },
                          {
                            "k": "repos_url",
                            "v": "https://api.github.com/users/samofficial-cloud/repos"
                          },
                          {
                            "k": "site_admin",
                            "v": false
                          },
                          {
                            "k": "starred_url",
                            "v": "https://api.github.com/users/samofficial-cloud/starred{/owner}{/repo}"
                          },
                          {
                            "k": "subscriptions_url",
                            "v": "https://api.github.com/users/samofficial-cloud/subscriptions"
                          },
                          {
                            "k": "type",
                            "v": "User"
                          },
                          {
                            "k": "url",
                            "v": "https://api.github.com/users/samofficial-cloud"
                          }
                        ]
                      }
                    },
                    {
                      "k": "private",
                      "v": false
                    },
                    {
                      "k": "pulls_url",
                      "v": "https://api.github.com/repos/samofficial-cloud/UPMIS/pulls{/number}"
                    },
                    {
                      "k": "pushed_at",
                      "v": 1616589339.0
                    },
                    {
                      "k": "releases_url",
                      "v": "https://api.github.com/repos/samofficial-cloud/UPMIS/releases{/id}"
                    },
                    {
                      "k": "size",
                      "v": 60332.0
                    },
                    {
                      "k": "ssh_url",
                      "v": "git@github.com:samofficial-cloud/UPMIS.git"
                    },
                    {
                      "k": "stargazers",
                      "v": 0.0
                    },
                    {
                      "k": "stargazers_count",
                      "v": 0.0
                    },
                    {
                      "k": "stargazers_url",
                      "v": "https://api.github.com/repos/samofficial-cloud/UPMIS/stargazers"
                    },
                    {
                      "k": "statuses_url",
                      "v": "https://api.github.com/repos/samofficial-cloud/UPMIS/statuses/{sha}"
                    },
                    {
                      "k": "subscribers_url",
                      "v": "https://api.github.com/repos/samofficial-cloud/UPMIS/subscribers"
                    },
                    {
                      "k": "subscription_url",
                      "v": "https://api.github.com/repos/samofficial-cloud/UPMIS/subscription"
                    },
                    {
                      "k": "svn_url",
                      "v": "https://github.com/samofficial-cloud/UPMIS"
                    },
                    {
                      "k": "tags_url",
                      "v": "https://api.github.com/repos/samofficial-cloud/UPMIS/tags"
                    },
                    {
                      "k": "teams_url",
                      "v": "https://api.github.com/repos/samofficial-cloud/UPMIS/teams"
                    },
                    {
                      "k": "trees_url",
                      "v": "https://api.github.com/repos/samofficial-cloud/UPMIS/git/trees{/sha}"
                    },
                    {
                      "k": "updated_at",
                      "v": "2021-03-24T11:59:26Z"
                    },
                    {
                      "k": "url",
                      "v": "https://github.com/samofficial-cloud/UPMIS"
                    },
                    {
                      "k": "watchers",
                      "v": 0.0
                    },
                    {
                      "k": "watchers_count",
                      "v": 0.0
                    }
                  ]
                }
              },
              {
                "k": "sender",
                "v": {
                  "t": 2,
                  "d": [
                    {
                      "k": "avatar_url",
                      "v": "https://avatars.githubusercontent.com/u/57223482?v=4"
                    },
                    {
                      "k": "events_url",
                      "v": "https://api.github.com/users/samofficial-cloud/events{/privacy}"
                    },
                    {
                      "k": "followers_url",
                      "v": "https://api.github.com/users/samofficial-cloud/followers"
                    },
                    {
                      "k": "following_url",
                      "v": "https://api.github.com/users/samofficial-cloud/following{/other_user}"
                    },
                    {
                      "k": "gists_url",
                      "v": "https://api.github.com/users/samofficial-cloud/gists{/gist_id}"
                    },
                    {
                      "k": "gravatar_id",
                      "v": ""
                    },
                    {
                      "k": "html_url",
                      "v": "https://github.com/samofficial-cloud"
                    },
                    {
                      "k": "id",
                      "v": 57223482.0
                    },
                    {
                      "k": "login",
                      "v": "samofficial-cloud"
                    },
                    {
                      "k": "node_id",
                      "v": "MDQ6VXNlcjU3MjIzNDgy"
                    },
                    {
                      "k": "organizations_url",
                      "v": "https://api.github.com/users/samofficial-cloud/orgs"
                    },
                    {
                      "k": "received_events_url",
                      "v": "https://api.github.com/users/samofficial-cloud/received_events"
                    },
                    {
                      "k": "repos_url",
                      "v": "https://api.github.com/users/samofficial-cloud/repos"
                    },
                    {
                      "k": "site_admin",
                      "v": false
                    },
                    {
                      "k": "starred_url",
                      "v": "https://api.github.com/users/samofficial-cloud/starred{/owner}{/repo}"
                    },
                    {
                      "k": "subscriptions_url",
                      "v": "https://api.github.com/users/samofficial-cloud/subscriptions"
                    },
                    {
                      "k": "type",
                      "v": "User"
                    },
                    {
                      "k": "url",
                      "v": "https://api.github.com/users/samofficial-cloud"
                    }
                  ]
                }
              }
            ]
          }
        },
        {
          "k": "server_url",
          "v": "https://github.com"
        },
        {
          "k": "api_url",
          "v": "https://api.github.com"
        },
        {
          "k": "graphql_url",
          "v": "https://api.github.com/graphql"
        }
      ]
    },
    "needs": {
      "t": 2
    },
    "matrix": null,
    "strategy": {
      "t": 2,
      "d": [
        {
          "k": "fail-fast",
          "v": true
        },
        {
          "k": "job-index",
          "v": 0.0
        },
        {
          "k": "job-total",
          "v": 1.0
        },
        {
          "k": "max-parallel",
          "v": 1.0
        }
      ]
    }
  }
}
[2021-03-24 12:37:14Z INFO JobRunner] Job ID 58db5990-a15b-5a14-b197-cb3269b353df
[2021-03-24 12:37:14Z INFO JobRunner] Creating job server with URL: https://pipelines.actions.githubusercontent.com/9e5Xl6s48QeVVooxkzz1T2rzQHypxNyQ5ArcjDqn2hqliH9nQq/
[2021-03-24 12:37:14Z INFO GitHubActionsService] Starting operation Location.GetConnectionData
[2021-03-24 12:37:14Z INFO Worker] Listening for cancel message from the channel.
[2021-03-24 12:37:14Z INFO Worker] Waiting for the job to complete or for a cancel message from the channel.
[2021-03-24 12:37:14Z INFO GitHubActionsService] Finished operation Location.GetConnectionData
[2021-03-24 12:37:14Z INFO JobServerQueue] Start process web console line queue.
[2021-03-24 12:37:14Z INFO JobServerQueue] Start process file upload queue.
[2021-03-24 12:37:14Z INFO JobServerQueue] Start process timeline update queue.
[2021-03-24 12:37:14Z INFO ExecutionContext] Initialize GitHub context
[2021-03-24 12:37:14Z INFO ExecutionContext] Initialize Env context
[2021-03-24 12:37:14Z INFO ConfigurationStore] currentAssemblyLocation: /var/www/html/bin/Runner.Worker.dll
[2021-03-24 12:37:14Z INFO HostContext] Well known directory 'Bin': '/var/www/html/bin'
[2021-03-24 12:37:14Z INFO ConfigurationStore] binPath: /var/www/html/bin
[2021-03-24 12:37:14Z INFO HostContext] Well known directory 'Bin': '/var/www/html/bin'
[2021-03-24 12:37:14Z INFO HostContext] Well known directory 'Root': '/var/www/html'
[2021-03-24 12:37:14Z INFO ConfigurationStore] RootFolder: /var/www/html
[2021-03-24 12:37:14Z INFO HostContext] Well known directory 'Bin': '/var/www/html/bin'
[2021-03-24 12:37:14Z INFO HostContext] Well known directory 'Root': '/var/www/html'
[2021-03-24 12:37:14Z INFO HostContext] Well known config file 'Runner': '/var/www/html/.runner'
[2021-03-24 12:37:14Z INFO ConfigurationStore] ConfigFilePath: /var/www/html/.runner
[2021-03-24 12:37:14Z INFO HostContext] Well known directory 'Bin': '/var/www/html/bin'
[2021-03-24 12:37:14Z INFO HostContext] Well known directory 'Root': '/var/www/html'
[2021-03-24 12:37:14Z INFO HostContext] Well known config file 'Credentials': '/var/www/html/.credentials'
[2021-03-24 12:37:14Z INFO ConfigurationStore] CredFilePath: /var/www/html/.credentials
[2021-03-24 12:37:14Z INFO HostContext] Well known directory 'Bin': '/var/www/html/bin'
[2021-03-24 12:37:14Z INFO HostContext] Well known directory 'Root': '/var/www/html'
[2021-03-24 12:37:14Z INFO HostContext] Well known config file 'MigratedCredentials': '/var/www/html/.credentials_migrated'
[2021-03-24 12:37:14Z INFO ConfigurationStore] MigratedCredFilePath: /var/www/html/.credentials_migrated
[2021-03-24 12:37:14Z INFO HostContext] Well known directory 'Bin': '/var/www/html/bin'
[2021-03-24 12:37:14Z INFO HostContext] Well known directory 'Root': '/var/www/html'
[2021-03-24 12:37:14Z INFO HostContext] Well known config file 'Service': '/var/www/html/.service'
[2021-03-24 12:37:14Z INFO ConfigurationStore] ServiceConfigFilePath: /var/www/html/.service
[2021-03-24 12:37:14Z INFO ConfigurationStore] Read setting file: 296 chars
[2021-03-24 12:37:14Z INFO HostContext] Well known directory 'Bin': '/var/www/html/bin'
[2021-03-24 12:37:14Z INFO HostContext] Well known directory 'Root': '/var/www/html'
[2021-03-24 12:37:14Z INFO HostContext] Well known directory 'Diag': '/var/www/html/_diag'
[2021-03-24 12:37:14Z INFO JobRunner] Starting the job execution context.
[2021-03-24 12:37:14Z INFO HostContext] Well known directory 'Bin': '/var/www/html/bin'
[2021-03-24 12:37:14Z INFO HostContext] Well known directory 'Root': '/var/www/html'
[2021-03-24 12:37:14Z INFO HostContext] Well known directory 'Work': '/var/www/html/html'
[2021-03-24 12:37:14Z INFO JobRunner] Validating directory permissions for: '/var/www/html/html'
[2021-03-24 12:37:14Z INFO HostContext] Well known directory 'Bin': '/var/www/html/bin'
[2021-03-24 12:37:14Z INFO HostContext] Well known directory 'Root': '/var/www/html'
[2021-03-24 12:37:14Z INFO HostContext] Well known directory 'Work': '/var/www/html/html'
[2021-03-24 12:37:14Z INFO HostContext] Well known directory 'Tools': '/var/www/html/html/_tool'
[2021-03-24 12:37:14Z INFO HostContext] Well known directory 'Bin': '/var/www/html/bin'
[2021-03-24 12:37:14Z INFO HostContext] Well known directory 'Root': '/var/www/html'
[2021-03-24 12:37:14Z INFO HostContext] Well known directory 'Work': '/var/www/html/html'
[2021-03-24 12:37:14Z INFO HostContext] Well known directory 'Temp': '/var/www/html/html/_temp'
[2021-03-24 12:37:14Z INFO JobRunner] Getting job extension.
[2021-03-24 12:37:14Z INFO JobRunner] Initialize job. Getting all job steps.
[2021-03-24 12:37:14Z INFO HostContext] Well known directory 'Bin': '/var/www/html/bin'
[2021-03-24 12:37:14Z INFO HostContext] Well known directory 'Root': '/var/www/html'
[2021-03-24 12:37:14Z INFO HostContext] Well known directory 'Diag': '/var/www/html/_diag'
[2021-03-24 12:37:14Z INFO HostContext] Well known directory 'Bin': '/var/www/html/bin'
[2021-03-24 12:37:14Z INFO HostContext] Well known directory 'Root': '/var/www/html'
[2021-03-24 12:37:14Z INFO HostContext] Well known config file 'Credentials': '/var/www/html/.credentials'
[2021-03-24 12:37:14Z INFO HostContext] Well known directory 'Bin': '/var/www/html/bin'
[2021-03-24 12:37:14Z INFO HostContext] Well known directory 'Root': '/var/www/html'
[2021-03-24 12:37:14Z INFO HostContext] Well known config file 'SetupInfo': '/var/www/html/.setup_info'
[2021-03-24 12:37:14Z INFO HostContext] Well known directory 'Bin': '/var/www/html/bin'
[2021-03-24 12:37:14Z INFO HostContext] Well known directory 'Root': '/var/www/html'
[2021-03-24 12:37:14Z INFO HostContext] Well known directory 'Work': '/var/www/html/html'
[2021-03-24 12:37:14Z INFO PipelineDirectoryManager] Loading tracking config if exists: /var/www/html/html/_PipelineMapping/samofficial-cloud/UPMIS/PipelineFolder.json
[2021-03-24 12:37:14Z INFO PipelineDirectoryManager] Creating a new tracking config file.
[2021-03-24 12:37:14Z INFO HostContext] Well known directory 'Bin': '/var/www/html/bin'
[2021-03-24 12:37:14Z INFO HostContext] Well known directory 'Root': '/var/www/html'
[2021-03-24 12:37:14Z INFO HostContext] Well known directory 'Work': '/var/www/html/html'
[2021-03-24 12:37:14Z INFO HostContext] Well known directory 'Bin': '/var/www/html/bin'
[2021-03-24 12:37:14Z INFO HostContext] Well known directory 'Root': '/var/www/html'
[2021-03-24 12:37:14Z INFO HostContext] Well known directory 'Work': '/var/www/html/html'
[2021-03-24 12:37:14Z INFO HostContext] Well known directory 'Bin': '/var/www/html/bin'
[2021-03-24 12:37:14Z INFO HostContext] Well known directory 'Root': '/var/www/html'
[2021-03-24 12:37:14Z INFO HostContext] Well known directory 'Work': '/var/www/html/html'
[2021-03-24 12:37:14Z INFO JobExtension] Downloading actions
[2021-03-24 12:37:14Z INFO HostContext] Well known directory 'Bin': '/var/www/html/bin'
[2021-03-24 12:37:14Z INFO HostContext] Well known directory 'Root': '/var/www/html'
[2021-03-24 12:37:14Z INFO HostContext] Well known directory 'Work': '/var/www/html/html'
[2021-03-24 12:37:14Z INFO HostContext] Well known directory 'Actions': '/var/www/html/html/_actions'
[2021-03-24 12:37:15Z INFO JobServerQueue] Try to append 1 batches web console lines for record 'adae0905-4ede-49f7-a508-c04a306d886a', success rate: 1/1.
[2021-03-24 12:37:15Z INFO HostContext] Well known directory 'Bin': '/var/www/html/bin'
[2021-03-24 12:37:15Z INFO HostContext] Well known directory 'Root': '/var/www/html'
[2021-03-24 12:37:15Z INFO HostContext] Well known directory 'Work': '/var/www/html/html'
[2021-03-24 12:37:15Z INFO HostContext] Well known directory 'Actions': '/var/www/html/html/_actions'
[2021-03-24 12:37:15Z INFO HostContext] Well known directory 'Bin': '/var/www/html/bin'
[2021-03-24 12:37:15Z INFO HostContext] Well known directory 'Root': '/var/www/html'
[2021-03-24 12:37:15Z INFO HostContext] Well known directory 'Work': '/var/www/html/html'
[2021-03-24 12:37:15Z INFO HostContext] Well known directory 'Actions': '/var/www/html/html/_actions'
[2021-03-24 12:37:15Z INFO ActionManager] Save archive 'https://api.github.com/repos/actions/checkout/tarball/5a4ac9002d0be2fb38bd78e4b4dbde5606d7042f' into /var/www/html/html/_actions/_temp_25354a23-74a2-4bf4-8773-efd5d0a3608f/7ee9fd5d-9f6f-45e0-972a-6311485b3779.tar.gz.
[2021-03-24 12:37:15Z INFO JobServerQueue] Try to append 1 batches web console lines for record 'adae0905-4ede-49f7-a508-c04a306d886a', success rate: 1/1.
[2021-03-24 12:37:15Z INFO ActionManager] Which: 'tar'
[2021-03-24 12:37:15Z INFO ActionManager] Location: '/usr/bin/tar'
[2021-03-24 12:37:15Z INFO ProcessInvokerWrapper] Starting process:
[2021-03-24 12:37:15Z INFO ProcessInvokerWrapper]   File name: '/usr/bin/tar'
[2021-03-24 12:37:15Z INFO ProcessInvokerWrapper]   Arguments: '-xzf "/var/www/html/html/_actions/_temp_25354a23-74a2-4bf4-8773-efd5d0a3608f/7ee9fd5d-9f6f-45e0-972a-6311485b3779.tar.gz"'
[2021-03-24 12:37:15Z INFO ProcessInvokerWrapper]   Working directory: '/var/www/html/html/_actions/_temp_25354a23-74a2-4bf4-8773-efd5d0a3608f/_staging'
[2021-03-24 12:37:15Z INFO ProcessInvokerWrapper]   Require exit code zero: 'False'
[2021-03-24 12:37:15Z INFO ProcessInvokerWrapper]   Encoding web name:  ; code page: ''
[2021-03-24 12:37:15Z INFO ProcessInvokerWrapper]   Force kill process on cancellation: 'False'
[2021-03-24 12:37:15Z INFO ProcessInvokerWrapper]   Redirected STDIN: 'False'
[2021-03-24 12:37:15Z INFO ProcessInvokerWrapper]   Persist current code page: 'False'
[2021-03-24 12:37:15Z INFO ProcessInvokerWrapper]   Keep redirected STDIN open: 'False'
[2021-03-24 12:37:15Z INFO ProcessInvokerWrapper]   High priority process: 'False'
[2021-03-24 12:37:15Z INFO ProcessInvokerWrapper] Updated oom_score_adj to 500 for PID: 551859.
[2021-03-24 12:37:15Z INFO ProcessInvokerWrapper] Process started with process id 551859, waiting for process exit.
[2021-03-24 12:37:15Z INFO ProcessInvokerWrapper] STDOUT/STDERR stream read finished.
[2021-03-24 12:37:15Z INFO ProcessInvokerWrapper] STDOUT/STDERR stream read finished.
[2021-03-24 12:37:15Z INFO ProcessInvokerWrapper] Finished process 551859 with exit code 0, and elapsed time 00:00:00.0555740.
[2021-03-24 12:37:15Z INFO ActionManager] Finished getting action repository.
[2021-03-24 12:37:15Z INFO HostContext] Well known directory 'Bin': '/var/www/html/bin'
[2021-03-24 12:37:15Z INFO HostContext] Well known directory 'Root': '/var/www/html'
[2021-03-24 12:37:15Z INFO HostContext] Well known directory 'Work': '/var/www/html/html'
[2021-03-24 12:37:15Z INFO HostContext] Well known directory 'Actions': '/var/www/html/html/_actions'
[2021-03-24 12:37:15Z INFO ActionManifestManager] Load schema file with definitions: [
  "null",
  "boolean",
  "number",
  "string",
  "sequence",
  "mapping",
  "any",
  "action-root",
  "inputs",
  "input",
  "outputs",
  "outputs-attributes",
  "runs",
  "container-runs",
  "container-runs-args",
  "container-runs-env",
  "node12-runs",
  "plugin-runs",
  "composite-runs",
  "composite-steps",
  "composite-step",
  "container-runs-context",
  "output-value",
  "input-default-context",
  "non-empty-string",
  "string-steps-context",
  "step-env"
]
[2021-03-24 12:37:15Z INFO HostContext] Well known directory 'Bin': '/var/www/html/bin'
[2021-03-24 12:37:15Z INFO HostContext] Well known directory 'Root': '/var/www/html'
[2021-03-24 12:37:15Z INFO HostContext] Well known directory 'Work': '/var/www/html/html'
[2021-03-24 12:37:15Z INFO HostContext] Well known directory 'Actions': '/var/www/html/html/_actions'
[2021-03-24 12:37:15Z INFO ActionManifestManager] Loaded action.yml file: {
  "name": "Checkout",
  "description": "Checkout a Git repository at a particular version",
  "inputs": {
    "type": 2,
    "map": [
      {
        "key": {
          "type": 0,
          "file": 2,
          "line": 4,
          "col": 3,
          "lit": "repository"
        },
        "value": {
          "type": 3,
          "file": 2,
          "line": 6,
          "col": 14,
          "expr": "github.repository"
        }
      },
      {
        "key": {
          "type": 0,
          "file": 2,
          "line": 7,
          "col": 3,
          "lit": "ref"
        },
        "value": ""
      },
      {
        "key": {
          "type": 0,
          "file": 2,
          "line": 12,
          "col": 3,
          "lit": "token"
        },
        "value": {
          "type": 3,
          "file": 2,
          "line": 24,
          "col": 14,
          "expr": "github.token"
        }
      },
      {
        "key": {
          "type": 0,
          "file": 2,
          "line": 25,
          "col": 3,
          "lit": "ssh-key"
        },
        "value": ""
      },
      {
        "key": {
          "type": 0,
          "file": 2,
          "line": 37,
          "col": 3,
          "lit": "ssh-known-hosts"
        },
        "value": ""
      },
      {
        "key": {
          "type": 0,
          "file": 2,
          "line": 42,
          "col": 3,
          "lit": "ssh-strict"
        },
        "value": {
          "type": 0,
          "file": 2,
          "line": 47,
          "col": 14,
          "lit": "true"
        }
      },
      {
        "key": {
          "type": 0,
          "file": 2,
          "line": 48,
          "col": 3,
          "lit": "persist-credentials"
        },
        "value": {
          "type": 0,
          "file": 2,
          "line": 50,
          "col": 14,
          "lit": "true"
        }
      },
      {
        "key": {
          "type": 0,
          "file": 2,
          "line": 51,
          "col": 3,
          "lit": "path"
        },
        "value": ""
      },
      {
        "key": {
          "type": 0,
          "file": 2,
          "line": 53,
          "col": 3,
          "lit": "clean"
        },
        "value": {
          "type": 0,
          "file": 2,
          "line": 55,
          "col": 14,
          "lit": "true"
        }
      },
      {
        "key": {
          "type": 0,
          "file": 2,
          "line": 56,
          "col": 3,
          "lit": "fetch-depth"
        },
        "value": {
          "type": 0,
          "file": 2,
          "line": 58,
          "col": 14,
          "lit": "1"
        }
      },
      {
        "key": {
          "type": 0,
          "file": 2,
          "line": 59,
          "col": 3,
          "lit": "lfs"
        },
        "value": {
          "type": 0,
          "file": 2,
          "line": 61,
          "col": 14,
          "lit": "false"
        }
      },
      {
        "key": {
          "type": 0,
          "file": 2,
          "line": 62,
          "col": 3,
          "lit": "submodules"
        },
        "value": {
          "type": 0,
          "file": 2,
          "line": 70,
          "col": 14,
          "lit": "false"
        }
      }
    ]
  },
  "execution": {
    "executionType": "nodeJS",
    "hasPre": false,
    "hasPost": true,
    "script": "dist/index.js",
    "pre": null,
    "post": "dist/index.js",
    "cleanupCondition": "always()",
    "initCondition": "always()"
  },
  "deprecated": null
}
[2021-03-24 12:37:15Z INFO ActionManager] Action node.js file: dist/index.js, no more preparation.
[2021-03-24 12:37:15Z INFO HostContext] Well known directory 'Bin': '/var/www/html/bin'
[2021-03-24 12:37:15Z INFO HostContext] Well known directory 'Root': '/var/www/html'
[2021-03-24 12:37:15Z INFO HostContext] Well known directory 'Work': '/var/www/html/html'
[2021-03-24 12:37:15Z INFO HostContext] Well known directory 'Actions': '/var/www/html/html/_actions'
[2021-03-24 12:37:15Z INFO ActionManager] Load action that reference repository from '/var/www/html/html/_actions/actions/checkout/v2'
[2021-03-24 12:37:15Z INFO HostContext] Well known directory 'Bin': '/var/www/html/bin'
[2021-03-24 12:37:15Z INFO HostContext] Well known directory 'Root': '/var/www/html'
[2021-03-24 12:37:15Z INFO HostContext] Well known directory 'Work': '/var/www/html/html'
[2021-03-24 12:37:15Z INFO HostContext] Well known directory 'Actions': '/var/www/html/html/_actions'
[2021-03-24 12:37:15Z INFO ActionManifestManager] Loaded action.yml file: {
  "name": "Checkout",
  "description": "Checkout a Git repository at a particular version",
  "inputs": {
    "type": 2,
    "map": [
      {
        "key": {
          "type": 0,
          "file": 2,
          "line": 4,
          "col": 3,
          "lit": "repository"
        },
        "value": {
          "type": 3,
          "file": 2,
          "line": 6,
          "col": 14,
          "expr": "github.repository"
        }
      },
      {
        "key": {
          "type": 0,
          "file": 2,
          "line": 7,
          "col": 3,
          "lit": "ref"
        },
        "value": ""
      },
      {
        "key": {
          "type": 0,
          "file": 2,
          "line": 12,
          "col": 3,
          "lit": "token"
        },
        "value": {
          "type": 3,
          "file": 2,
          "line": 24,
          "col": 14,
          "expr": "github.token"
        }
      },
      {
        "key": {
          "type": 0,
          "file": 2,
          "line": 25,
          "col": 3,
          "lit": "ssh-key"
        },
        "value": ""
      },
      {
        "key": {
          "type": 0,
          "file": 2,
          "line": 37,
          "col": 3,
          "lit": "ssh-known-hosts"
        },
        "value": ""
      },
      {
        "key": {
          "type": 0,
          "file": 2,
          "line": 42,
          "col": 3,
          "lit": "ssh-strict"
        },
        "value": {
          "type": 0,
          "file": 2,
          "line": 47,
          "col": 14,
          "lit": "true"
        }
      },
      {
        "key": {
          "type": 0,
          "file": 2,
          "line": 48,
          "col": 3,
          "lit": "persist-credentials"
        },
        "value": {
          "type": 0,
          "file": 2,
          "line": 50,
          "col": 14,
          "lit": "true"
        }
      },
      {
        "key": {
          "type": 0,
          "file": 2,
          "line": 51,
          "col": 3,
          "lit": "path"
        },
        "value": ""
      },
      {
        "key": {
          "type": 0,
          "file": 2,
          "line": 53,
          "col": 3,
          "lit": "clean"
        },
        "value": {
          "type": 0,
          "file": 2,
          "line": 55,
          "col": 14,
          "lit": "true"
        }
      },
      {
        "key": {
          "type": 0,
          "file": 2,
          "line": 56,
          "col": 3,
          "lit": "fetch-depth"
        },
        "value": {
          "type": 0,
          "file": 2,
          "line": 58,
          "col": 14,
          "lit": "1"
        }
      },
      {
        "key": {
          "type": 0,
          "file": 2,
          "line": 59,
          "col": 3,
          "lit": "lfs"
        },
        "value": {
          "type": 0,
          "file": 2,
          "line": 61,
          "col": 14,
          "lit": "false"
        }
      },
      {
        "key": {
          "type": 0,
          "file": 2,
          "line": 62,
          "col": 3,
          "lit": "submodules"
        },
        "value": {
          "type": 0,
          "file": 2,
          "line": 70,
          "col": 14,
          "lit": "false"
        }
      }
    ]
  },
  "execution": {
    "executionType": "nodeJS",
    "hasPre": false,
    "hasPost": true,
    "script": "dist/index.js",
    "pre": null,
    "post": "dist/index.js",
    "cleanupCondition": "always()",
    "initCondition": "always()"
  },
  "deprecated": null
}
[2021-03-24 12:37:15Z INFO ActionManager] Action pre node.js file: N/A.
[2021-03-24 12:37:15Z INFO ActionManager] Action node.js file: dist/index.js.
[2021-03-24 12:37:15Z INFO ActionManager] Action post node.js file: dist/index.js.
[2021-03-24 12:37:15Z INFO JobExtension] Adding .
[2021-03-24 12:37:16Z INFO JobExtension] Adding .
[2021-03-24 12:37:16Z INFO HostContext] Well known directory 'Bin': '/var/www/html/bin'
[2021-03-24 12:37:16Z INFO HostContext] Well known directory 'Root': '/var/www/html'
[2021-03-24 12:37:16Z INFO HostContext] Well known directory 'Diag': '/var/www/html/_diag'
[2021-03-24 12:37:16Z INFO HostContext] Well known directory 'Bin': '/var/www/html/bin'
[2021-03-24 12:37:16Z INFO HostContext] Well known directory 'Root': '/var/www/html'
[2021-03-24 12:37:16Z INFO HostContext] Well known directory 'Diag': '/var/www/html/_diag'
[2021-03-24 12:37:16Z INFO JobExtension] Total accessible running process: 40.
[2021-03-24 12:37:16Z INFO HostContext] Well known directory 'Bin': '/var/www/html/bin'
[2021-03-24 12:37:16Z INFO HostContext] Well known directory 'Root': '/var/www/html'
[2021-03-24 12:37:16Z INFO HostContext] Well known directory 'Work': '/var/www/html/html'
[2021-03-24 12:37:16Z INFO JobRunner] Total job steps: 2.
[2021-03-24 12:37:16Z INFO JobRunner] Run all job steps.
[2021-03-24 12:37:16Z INFO StepsRunner] Processing step: DisplayName='Run actions/checkout@v2'
[2021-03-24 12:37:16Z INFO StepsRunner] Initialize Env context for step
[2021-03-24 12:37:16Z INFO StepsRunner] Evaluating: success()
[2021-03-24 12:37:16Z INFO StepsRunner] Result: true
[2021-03-24 12:37:16Z INFO StepsRunner] Starting the step.
[2021-03-24 12:37:16Z INFO HostContext] Well known directory 'Bin': '/var/www/html/bin'
[2021-03-24 12:37:16Z INFO HostContext] Well known directory 'Root': '/var/www/html'
[2021-03-24 12:37:16Z INFO HostContext] Well known directory 'Work': '/var/www/html/html'
[2021-03-24 12:37:16Z INFO HostContext] Well known directory 'Actions': '/var/www/html/html/_actions'
[2021-03-24 12:37:16Z INFO ActionManager] Load action that reference repository from '/var/www/html/html/_actions/actions/checkout/v2'
[2021-03-24 12:37:16Z INFO HostContext] Well known directory 'Bin': '/var/www/html/bin'
[2021-03-24 12:37:16Z INFO HostContext] Well known directory 'Root': '/var/www/html'
[2021-03-24 12:37:16Z INFO HostContext] Well known directory 'Work': '/var/www/html/html'
[2021-03-24 12:37:16Z INFO HostContext] Well known directory 'Actions': '/var/www/html/html/_actions'
[2021-03-24 12:37:16Z INFO ActionManifestManager] Loaded action.yml file: {
  "name": "Checkout",
  "description": "Checkout a Git repository at a particular version",
  "inputs": {
    "type": 2,
    "map": [
      {
        "key": {
          "type": 0,
          "file": 2,
          "line": 4,
          "col": 3,
          "lit": "repository"
        },
        "value": {
          "type": 3,
          "file": 2,
          "line": 6,
          "col": 14,
          "expr": "github.repository"
        }
      },
      {
        "key": {
          "type": 0,
          "file": 2,
          "line": 7,
          "col": 3,
          "lit": "ref"
        },
        "value": ""
      },
      {
        "key": {
          "type": 0,
          "file": 2,
          "line": 12,
          "col": 3,
          "lit": "token"
        },
        "value": {
          "type": 3,
          "file": 2,
          "line": 24,
          "col": 14,
          "expr": "github.token"
        }
      },
      {
        "key": {
          "type": 0,
          "file": 2,
          "line": 25,
          "col": 3,
          "lit": "ssh-key"
        },
        "value": ""
      },
      {
        "key": {
          "type": 0,
          "file": 2,
          "line": 37,
          "col": 3,
          "lit": "ssh-known-hosts"
        },
        "value": ""
      },
      {
        "key": {
          "type": 0,
          "file": 2,
          "line": 42,
          "col": 3,
          "lit": "ssh-strict"
        },
        "value": {
          "type": 0,
          "file": 2,
          "line": 47,
          "col": 14,
          "lit": "true"
        }
      },
      {
        "key": {
          "type": 0,
          "file": 2,
          "line": 48,
          "col": 3,
          "lit": "persist-credentials"
        },
        "value": {
          "type": 0,
          "file": 2,
          "line": 50,
          "col": 14,
          "lit": "true"
        }
      },
      {
        "key": {
          "type": 0,
          "file": 2,
          "line": 51,
          "col": 3,
          "lit": "path"
        },
        "value": ""
      },
      {
        "key": {
          "type": 0,
          "file": 2,
          "line": 53,
          "col": 3,
          "lit": "clean"
        },
        "value": {
          "type": 0,
          "file": 2,
          "line": 55,
          "col": 14,
          "lit": "true"
        }
      },
      {
        "key": {
          "type": 0,
          "file": 2,
          "line": 56,
          "col": 3,
          "lit": "fetch-depth"
        },
        "value": {
          "type": 0,
          "file": 2,
          "line": 58,
          "col": 14,
          "lit": "1"
        }
      },
      {
        "key": {
          "type": 0,
          "file": 2,
          "line": 59,
          "col": 3,
          "lit": "lfs"
        },
        "value": {
          "type": 0,
          "file": 2,
          "line": 61,
          "col": 14,
          "lit": "false"
        }
      },
      {
        "key": {
          "type": 0,
          "file": 2,
          "line": 62,
          "col": 3,
          "lit": "submodules"
        },
        "value": {
          "type": 0,
          "file": 2,
          "line": 70,
          "col": 14,
          "lit": "false"
        }
      }
    ]
  },
  "execution": {
    "executionType": "nodeJS",
    "hasPre": false,
    "hasPost": true,
    "script": "dist/index.js",
    "pre": null,
    "post": "dist/index.js",
    "cleanupCondition": "always()",
    "initCondition": "always()"
  },
  "deprecated": null
}
[2021-03-24 12:37:16Z INFO ActionManager] Action pre node.js file: N/A.
[2021-03-24 12:37:16Z INFO ActionManager] Action node.js file: dist/index.js.
[2021-03-24 12:37:16Z INFO ActionManager] Action post node.js file: dist/index.js.
[2021-03-24 12:37:16Z INFO ExecutionContext] Reserve record order 4 to 6 for post job actions.
[2021-03-24 12:37:16Z INFO HostContext] Well known directory 'Bin': '/var/www/html/bin'
[2021-03-24 12:37:16Z INFO HostContext] Well known directory 'Root': '/var/www/html'
[2021-03-24 12:37:16Z INFO HostContext] Well known directory 'Diag': '/var/www/html/_diag'
[2021-03-24 12:37:16Z INFO HostContext] Well known directory 'Bin': '/var/www/html/bin'
[2021-03-24 12:37:16Z INFO HostContext] Well known directory 'Root': '/var/www/html'
[2021-03-24 12:37:16Z INFO HostContext] Well known directory 'Work': '/var/www/html/html'
[2021-03-24 12:37:16Z INFO HostContext] Well known directory 'Temp': '/var/www/html/html/_temp'
[2021-03-24 12:37:16Z INFO ActionRunner] Write event payload to /var/www/html/html/_temp/_github_workflow/event.json
[2021-03-24 12:37:16Z INFO HostContext] Well known directory 'Bin': '/var/www/html/bin'
[2021-03-24 12:37:16Z INFO HostContext] Well known directory 'Root': '/var/www/html'
[2021-03-24 12:37:16Z INFO HostContext] Well known directory 'Work': '/var/www/html/html'
[2021-03-24 12:37:16Z INFO HostContext] Well known directory 'Temp': '/var/www/html/html/_temp'
[2021-03-24 12:37:16Z INFO ExtensionManager] Getting extensions for interface: 'GitHub.Runner.Worker.IFileCommandExtension'
[2021-03-24 12:37:16Z INFO ExtensionManager] Creating instance: GitHub.Runner.Worker.AddPathFileCommand, Runner.Worker
[2021-03-24 12:37:16Z INFO ExtensionManager] Creating instance: GitHub.Runner.Worker.SetEnvFileCommand, Runner.Worker
[2021-03-24 12:37:16Z INFO ActionManifestManager] Input 'repository': default value evaluate result: {
  "type": 0,
  "file": 2,
  "line": 6,
  "col": 14,
  "lit": "samofficial-cloud/UPMIS"
}
[2021-03-24 12:37:16Z INFO ActionManifestManager] Input 'ref': default value evaluate result: ""
[2021-03-24 12:37:16Z INFO ActionManifestManager] Input 'token': default value evaluate result: {
  "type": 0,
  "file": 2,
  "line": 24,
  "col": 14,
  "lit": "***"
}
[2021-03-24 12:37:16Z INFO ActionManifestManager] Input 'ssh-key': default value evaluate result: ""
[2021-03-24 12:37:16Z INFO ActionManifestManager] Input 'ssh-known-hosts': default value evaluate result: ""
[2021-03-24 12:37:16Z INFO ActionManifestManager] Input 'ssh-strict': default value evaluate result: {
  "type": 0,
  "file": 2,
  "line": 47,
  "col": 14,
  "lit": "true"
}
[2021-03-24 12:37:16Z INFO ActionManifestManager] Input 'persist-credentials': default value evaluate result: {
  "type": 0,
  "file": 2,
  "line": 50,
  "col": 14,
  "lit": "true"
}
[2021-03-24 12:37:16Z INFO ActionManifestManager] Input 'path': default value evaluate result: ""
[2021-03-24 12:37:16Z INFO ActionManifestManager] Input 'clean': default value evaluate result: {
  "type": 0,
  "file": 2,
  "line": 55,
  "col": 14,
  "lit": "true"
}
[2021-03-24 12:37:16Z INFO ActionManifestManager] Input 'fetch-depth': default value evaluate result: {
  "type": 0,
  "file": 2,
  "line": 58,
  "col": 14,
  "lit": "1"
}
[2021-03-24 12:37:16Z INFO ActionManifestManager] Input 'lfs': default value evaluate result: {
  "type": 0,
  "file": 2,
  "line": 61,
  "col": 14,
  "lit": "false"
}
[2021-03-24 12:37:16Z INFO ActionManifestManager] Input 'submodules': default value evaluate result: {
  "type": 0,
  "file": 2,
  "line": 70,
  "col": 14,
  "lit": "false"
}
[2021-03-24 12:37:16Z INFO ExtensionManager] Getting extensions for interface: 'GitHub.Runner.Worker.IActionCommandExtension'
[2021-03-24 12:37:16Z INFO ExtensionManager] Creating instance: GitHub.Runner.Worker.InternalPluginSetRepoPathCommandExtension, Runner.Worker
[2021-03-24 12:37:16Z INFO ExtensionManager] Creating instance: GitHub.Runner.Worker.SetEnvCommandExtension, Runner.Worker
[2021-03-24 12:37:16Z INFO ExtensionManager] Creating instance: GitHub.Runner.Worker.SetOutputCommandExtension, Runner.Worker
[2021-03-24 12:37:16Z INFO ExtensionManager] Creating instance: GitHub.Runner.Worker.SaveStateCommandExtension, Runner.Worker
[2021-03-24 12:37:16Z INFO ExtensionManager] Creating instance: GitHub.Runner.Worker.AddPathCommandExtension, Runner.Worker
[2021-03-24 12:37:16Z INFO ExtensionManager] Creating instance: GitHub.Runner.Worker.AddMaskCommandExtension, Runner.Worker
[2021-03-24 12:37:16Z INFO ExtensionManager] Creating instance: GitHub.Runner.Worker.AddMatcherCommandExtension, Runner.Worker
[2021-03-24 12:37:16Z INFO ExtensionManager] Creating instance: GitHub.Runner.Worker.RemoveMatcherCommandExtension, Runner.Worker
[2021-03-24 12:37:16Z INFO ExtensionManager] Creating instance: GitHub.Runner.Worker.WarningCommandExtension, Runner.Worker
[2021-03-24 12:37:16Z INFO ExtensionManager] Creating instance: GitHub.Runner.Worker.ErrorCommandExtension, Runner.Worker
[2021-03-24 12:37:16Z INFO ExtensionManager] Creating instance: GitHub.Runner.Worker.DebugCommandExtension, Runner.Worker
[2021-03-24 12:37:16Z INFO ExtensionManager] Creating instance: GitHub.Runner.Worker.GroupCommandExtension, Runner.Worker
[2021-03-24 12:37:16Z INFO ExtensionManager] Creating instance: GitHub.Runner.Worker.EndGroupCommandExtension, Runner.Worker
[2021-03-24 12:37:16Z INFO ExtensionManager] Creating instance: GitHub.Runner.Worker.EchoCommandExtension, Runner.Worker
[2021-03-24 12:37:16Z INFO ActionCommandManager] Register action command extension for command internal-set-repo-path
[2021-03-24 12:37:16Z INFO ActionCommandManager] Register action command extension for command set-env
[2021-03-24 12:37:16Z INFO ActionCommandManager] Register action command extension for command set-output
[2021-03-24 12:37:16Z INFO ActionCommandManager] Register action command extension for command save-state
[2021-03-24 12:37:16Z INFO ActionCommandManager] Register action command extension for command add-path
[2021-03-24 12:37:16Z INFO ActionCommandManager] Register action command extension for command add-mask
[2021-03-24 12:37:16Z INFO ActionCommandManager] Register action command extension for command add-matcher
[2021-03-24 12:37:16Z INFO ActionCommandManager] Register action command extension for command remove-matcher
[2021-03-24 12:37:16Z INFO ActionCommandManager] Register action command extension for command warning
[2021-03-24 12:37:16Z INFO ActionCommandManager] Register action command extension for command error
[2021-03-24 12:37:16Z INFO ActionCommandManager] Register action command extension for command debug
[2021-03-24 12:37:16Z INFO ActionCommandManager] Register action command extension for command group
[2021-03-24 12:37:16Z INFO ActionCommandManager] Register action command extension for command endgroup
[2021-03-24 12:37:16Z INFO ActionCommandManager] Register action command extension for command echo
[2021-03-24 12:37:16Z INFO HostContext] Well known directory 'Bin': '/var/www/html/bin'
[2021-03-24 12:37:16Z INFO HostContext] Well known directory 'Root': '/var/www/html'
[2021-03-24 12:37:16Z INFO HostContext] Well known directory 'Externals': '/var/www/html/externals'
[2021-03-24 12:37:16Z INFO ProcessInvokerWrapper] Starting process:
[2021-03-24 12:37:16Z INFO ProcessInvokerWrapper]   File name: '/var/www/html/externals/node12/bin/node'
[2021-03-24 12:37:16Z INFO ProcessInvokerWrapper]   Arguments: '"/var/www/html/html/_actions/actions/checkout/v2/dist/index.js"'
[2021-03-24 12:37:16Z INFO ProcessInvokerWrapper]   Working directory: '/var/www/html/html/UPMIS/UPMIS'
[2021-03-24 12:37:16Z INFO ProcessInvokerWrapper]   Require exit code zero: 'False'
[2021-03-24 12:37:16Z INFO ProcessInvokerWrapper]   Encoding web name:  ; code page: ''
[2021-03-24 12:37:16Z INFO ProcessInvokerWrapper]   Force kill process on cancellation: 'False'
[2021-03-24 12:37:16Z INFO ProcessInvokerWrapper]   Redirected STDIN: 'False'
[2021-03-24 12:37:16Z INFO ProcessInvokerWrapper]   Persist current code page: 'False'
[2021-03-24 12:37:16Z INFO ProcessInvokerWrapper]   Keep redirected STDIN open: 'False'
[2021-03-24 12:37:16Z INFO ProcessInvokerWrapper]   High priority process: 'False'
[2021-03-24 12:37:16Z INFO ProcessInvokerWrapper] Updated oom_score_adj to 500 for PID: 551863.
[2021-03-24 12:37:16Z INFO ProcessInvokerWrapper] Process started with process id 551863, waiting for process exit.
[2021-03-24 12:37:16Z INFO JobServerQueue] Try to append 1 batches web console lines for record 'ec45f485-8c55-5e99-f8a0-a82563f40d5b', success rate: 1/1.
[2021-03-24 12:37:16Z INFO AddMaskCommandExtension] Add new secret mask with length of 80
[2021-03-24 12:37:16Z INFO JobServerQueue] Try to append 1 batches web console lines for record 'ec45f485-8c55-5e99-f8a0-a82563f40d5b', success rate: 1/1.
[2021-03-24 12:37:17Z INFO JobServerQueue] Try to upload 1 log files or attachments, success rate: 1/1.
[2021-03-24 12:37:17Z INFO JobServerQueue] Try to append 1 batches web console lines for record 'ec45f485-8c55-5e99-f8a0-a82563f40d5b', success rate: 1/1.
[2021-03-24 12:37:17Z INFO JobServerQueue] Try to append 1 batches web console lines for record 'ec45f485-8c55-5e99-f8a0-a82563f40d5b', success rate: 1/1.
[2021-03-24 12:37:18Z INFO JobServerQueue] Try to append 3 batches web console lines for record 'ec45f485-8c55-5e99-f8a0-a82563f40d5b', success rate: 3/3.
[2021-03-24 12:37:18Z INFO JobServerQueue] Try to append 1 batches web console lines for record 'ec45f485-8c55-5e99-f8a0-a82563f40d5b', success rate: 1/1.
[2021-03-24 12:37:18Z INFO JobServerQueue] Try to append 1 batches web console lines for record 'ec45f485-8c55-5e99-f8a0-a82563f40d5b', success rate: 1/1.
[2021-03-24 12:37:19Z INFO JobServerQueue] Try to append 1 batches web console lines for record 'ec45f485-8c55-5e99-f8a0-a82563f40d5b', success rate: 1/1.
[2021-03-24 12:37:19Z INFO JobServerQueue] Try to append 1 batches web console lines for record 'ec45f485-8c55-5e99-f8a0-a82563f40d5b', success rate: 1/1.
[2021-03-24 12:37:20Z INFO JobServerQueue] Try to append 1 batches web console lines for record 'ec45f485-8c55-5e99-f8a0-a82563f40d5b', success rate: 1/1.
[2021-03-24 12:37:20Z INFO JobServerQueue] Try to append 1 batches web console lines for record 'ec45f485-8c55-5e99-f8a0-a82563f40d5b', success rate: 1/1.
[2021-03-24 12:37:21Z INFO JobServerQueue] Try to append 1 batches web console lines for record 'ec45f485-8c55-5e99-f8a0-a82563f40d5b', success rate: 1/1.
[2021-03-24 12:37:21Z INFO JobServerQueue] Try to append 1 batches web console lines for record 'ec45f485-8c55-5e99-f8a0-a82563f40d5b', success rate: 1/1.
[2021-03-24 12:37:21Z INFO JobServerQueue] Try to append 1 batches web console lines for record 'ec45f485-8c55-5e99-f8a0-a82563f40d5b', success rate: 1/1.
[2021-03-24 12:37:22Z INFO JobServerQueue] Try to append 1 batches web console lines for record 'ec45f485-8c55-5e99-f8a0-a82563f40d5b', success rate: 1/1.
[2021-03-24 12:37:22Z INFO JobServerQueue] Try to append 1 batches web console lines for record 'ec45f485-8c55-5e99-f8a0-a82563f40d5b', success rate: 1/1.
[2021-03-24 12:37:23Z INFO JobServerQueue] Try to append 1 batches web console lines for record 'ec45f485-8c55-5e99-f8a0-a82563f40d5b', success rate: 1/1.
[2021-03-24 12:37:23Z INFO JobServerQueue] Try to append 1 batches web console lines for record 'ec45f485-8c55-5e99-f8a0-a82563f40d5b', success rate: 1/1.
[2021-03-24 12:37:24Z INFO JobServerQueue] Try to append 1 batches web console lines for record 'ec45f485-8c55-5e99-f8a0-a82563f40d5b', success rate: 1/1.
[2021-03-24 12:37:24Z INFO JobServerQueue] Try to append 1 batches web console lines for record 'ec45f485-8c55-5e99-f8a0-a82563f40d5b', success rate: 1/1.
[2021-03-24 12:37:24Z INFO JobServerQueue] Try to append 1 batches web console lines for record 'ec45f485-8c55-5e99-f8a0-a82563f40d5b', success rate: 1/1.
[2021-03-24 12:37:25Z INFO JobServerQueue] Try to append 1 batches web console lines for record 'ec45f485-8c55-5e99-f8a0-a82563f40d5b', success rate: 1/1.
[2021-03-24 12:37:26Z INFO HostContext] Well known directory 'Bin': '/var/www/html/bin'
[2021-03-24 12:37:26Z INFO HostContext] Well known directory 'Root': '/var/www/html'
[2021-03-24 12:37:26Z INFO HostContext] Well known directory 'Work': '/var/www/html/html'
[2021-03-24 12:37:26Z INFO JobServerQueue] Try to append 1 batches web console lines for record 'ec45f485-8c55-5e99-f8a0-a82563f40d5b', success rate: 1/1.
[2021-03-24 12:37:27Z INFO JobServerQueue] Try to append 1 batches web console lines for record 'ec45f485-8c55-5e99-f8a0-a82563f40d5b', success rate: 1/1.
[2021-03-24 12:37:28Z INFO JobServerQueue] Try to append 1 batches web console lines for record 'ec45f485-8c55-5e99-f8a0-a82563f40d5b', success rate: 1/1.
[2021-03-24 12:37:28Z INFO JobServerQueue] Try to append 1 batches web console lines for record 'ec45f485-8c55-5e99-f8a0-a82563f40d5b', success rate: 1/1.
[2021-03-24 12:37:28Z INFO JobServerQueue] Try to append 1 batches web console lines for record 'ec45f485-8c55-5e99-f8a0-a82563f40d5b', success rate: 1/1.
[2021-03-24 12:37:29Z INFO JobServerQueue] Try to append 1 batches web console lines for record 'ec45f485-8c55-5e99-f8a0-a82563f40d5b', success rate: 1/1.
[2021-03-24 12:37:29Z INFO JobServerQueue] Try to append 1 batches web console lines for record 'ec45f485-8c55-5e99-f8a0-a82563f40d5b', success rate: 1/1.
[2021-03-24 12:37:29Z INFO ProcessInvokerWrapper] STDOUT/STDERR stream read finished.
[2021-03-24 12:37:29Z INFO ProcessInvokerWrapper] STDOUT/STDERR stream read finished.
[2021-03-24 12:37:29Z INFO ProcessInvokerWrapper] Finished process 551863 with exit code 0, and elapsed time 00:00:13.3965201.
[2021-03-24 12:37:29Z INFO StepsRunner] Step result: 
[2021-03-24 12:37:29Z INFO StepsRunner] No need for updating job result with current step result 'Succeeded'.
[2021-03-24 12:37:29Z INFO StepsRunner] Current state: job state = ''
[2021-03-24 12:37:29Z INFO StepsRunner] Processing step: DisplayName='Configure application'
[2021-03-24 12:37:29Z INFO StepsRunner] Initialize Env context for step
[2021-03-24 12:37:29Z INFO StepsRunner] Evaluating: success()
[2021-03-24 12:37:29Z INFO StepsRunner] Result: true
[2021-03-24 12:37:29Z INFO StepsRunner] Starting the step.
[2021-03-24 12:37:29Z INFO HostContext] Well known directory 'Bin': '/var/www/html/bin'
[2021-03-24 12:37:29Z INFO HostContext] Well known directory 'Root': '/var/www/html'
[2021-03-24 12:37:29Z INFO HostContext] Well known directory 'Work': '/var/www/html/html'
[2021-03-24 12:37:29Z INFO HostContext] Well known directory 'Temp': '/var/www/html/html/_temp'
[2021-03-24 12:37:29Z INFO ActionRunner] Write event payload to /var/www/html/html/_temp/_github_workflow/event.json
[2021-03-24 12:37:29Z INFO HostContext] Well known directory 'Bin': '/var/www/html/bin'
[2021-03-24 12:37:29Z INFO HostContext] Well known directory 'Root': '/var/www/html'
[2021-03-24 12:37:29Z INFO HostContext] Well known directory 'Work': '/var/www/html/html'
[2021-03-24 12:37:29Z INFO HostContext] Well known directory 'Temp': '/var/www/html/html/_temp'
[2021-03-24 12:37:29Z INFO ExtensionManager] Getting extensions for interface: 'GitHub.Runner.Worker.IFileCommandExtension'
[2021-03-24 12:37:29Z INFO ExtensionManager] Getting extensions for interface: 'GitHub.Runner.Worker.IActionCommandExtension'
[2021-03-24 12:37:29Z INFO ActionCommandManager] Register action command extension for command internal-set-repo-path
[2021-03-24 12:37:29Z INFO ActionCommandManager] Register action command extension for command set-env
[2021-03-24 12:37:29Z INFO ActionCommandManager] Register action command extension for command set-output
[2021-03-24 12:37:29Z INFO ActionCommandManager] Register action command extension for command save-state
[2021-03-24 12:37:29Z INFO ActionCommandManager] Register action command extension for command add-path
[2021-03-24 12:37:29Z INFO ActionCommandManager] Register action command extension for command add-mask
[2021-03-24 12:37:29Z INFO ActionCommandManager] Register action command extension for command add-matcher
[2021-03-24 12:37:29Z INFO ActionCommandManager] Register action command extension for command remove-matcher
[2021-03-24 12:37:29Z INFO ActionCommandManager] Register action command extension for command warning
[2021-03-24 12:37:29Z INFO ActionCommandManager] Register action command extension for command error
[2021-03-24 12:37:29Z INFO ActionCommandManager] Register action command extension for command debug
[2021-03-24 12:37:29Z INFO ActionCommandManager] Register action command extension for command group
[2021-03-24 12:37:29Z INFO ActionCommandManager] Register action command extension for command endgroup
[2021-03-24 12:37:29Z INFO ActionCommandManager] Register action command extension for command echo
[2021-03-24 12:37:29Z INFO ScriptHandler] Which: 'bash'
[2021-03-24 12:37:29Z INFO ScriptHandler] Location: '/usr/bin/bash'
[2021-03-24 12:37:29Z INFO HostContext] Well known directory 'Bin': '/var/www/html/bin'
[2021-03-24 12:37:29Z INFO HostContext] Well known directory 'Root': '/var/www/html'
[2021-03-24 12:37:29Z INFO HostContext] Well known directory 'Work': '/var/www/html/html'
[2021-03-24 12:37:29Z INFO HostContext] Well known directory 'Temp': '/var/www/html/html/_temp'
[2021-03-24 12:37:29Z INFO ScriptHandler] Which: 'bash'
[2021-03-24 12:37:29Z INFO ScriptHandler] Location: '/usr/bin/bash'
[2021-03-24 12:37:29Z INFO ProcessInvokerWrapper] Starting process:
[2021-03-24 12:37:29Z INFO ProcessInvokerWrapper]   File name: '/usr/bin/bash'
[2021-03-24 12:37:29Z INFO ProcessInvokerWrapper]   Arguments: '-e /var/www/html/html/_temp/b9b040b3-8ad3-4d53-b792-e41daaa178ce.sh'
[2021-03-24 12:37:29Z INFO ProcessInvokerWrapper]   Working directory: '/var/www/html/html/UPMIS/UPMIS'
[2021-03-24 12:37:29Z INFO ProcessInvokerWrapper]   Require exit code zero: 'False'
[2021-03-24 12:37:29Z INFO ProcessInvokerWrapper]   Encoding web name:  ; code page: ''
[2021-03-24 12:37:29Z INFO ProcessInvokerWrapper]   Force kill process on cancellation: 'False'
[2021-03-24 12:37:29Z INFO ProcessInvokerWrapper]   Redirected STDIN: 'False'
[2021-03-24 12:37:29Z INFO ProcessInvokerWrapper]   Persist current code page: 'False'
[2021-03-24 12:37:29Z INFO ProcessInvokerWrapper]   Keep redirected STDIN open: 'False'
[2021-03-24 12:37:29Z INFO ProcessInvokerWrapper]   High priority process: 'False'
[2021-03-24 12:37:29Z INFO ProcessInvokerWrapper] Updated oom_score_adj to 500 for PID: 551978.
[2021-03-24 12:37:29Z INFO ProcessInvokerWrapper] Process started with process id 551978, waiting for process exit.
[2021-03-24 12:37:29Z INFO JobServerQueue] Try to append 1 batches web console lines for record 'ec45f485-8c55-5e99-f8a0-a82563f40d5b', success rate: 1/1.
[2021-03-24 12:37:29Z INFO JobServerQueue] Try to append 1 batches web console lines for record '17477f87-fab6-50d5-7dcf-f49cbea510d3', success rate: 1/1.
[2021-03-24 12:37:30Z INFO JobServerQueue] Try to append 1 batches web console lines for record '17477f87-fab6-50d5-7dcf-f49cbea510d3', success rate: 1/1.
[2021-03-24 12:37:30Z INFO JobServerQueue] Try to upload 1 log files or attachments, success rate: 1/1.
[2021-03-24 12:37:30Z INFO JobServerQueue] Try to append 1 batches web console lines for record '17477f87-fab6-50d5-7dcf-f49cbea510d3', success rate: 1/1.
[2021-03-24 12:37:30Z INFO JobServerQueue] Try to append 1 batches web console lines for record '17477f87-fab6-50d5-7dcf-f49cbea510d3', success rate: 1/1.
[2021-03-24 12:37:31Z INFO JobServerQueue] Try to append 1 batches web console lines for record '17477f87-fab6-50d5-7dcf-f49cbea510d3', success rate: 1/1.
[2021-03-24 12:37:31Z INFO JobServerQueue] Try to append 1 batches web console lines for record '17477f87-fab6-50d5-7dcf-f49cbea510d3', success rate: 1/1.
[2021-03-24 12:37:31Z INFO JobServerQueue] Try to append 1 batches web console lines for record '17477f87-fab6-50d5-7dcf-f49cbea510d3', success rate: 1/1.
[2021-03-24 12:37:32Z INFO JobServerQueue] Try to append 1 batches web console lines for record '17477f87-fab6-50d5-7dcf-f49cbea510d3', success rate: 1/1.
[2021-03-24 12:37:32Z INFO JobServerQueue] Try to append 1 batches web console lines for record '17477f87-fab6-50d5-7dcf-f49cbea510d3', success rate: 1/1.
[2021-03-24 12:37:33Z INFO JobServerQueue] Try to append 1 batches web console lines for record '17477f87-fab6-50d5-7dcf-f49cbea510d3', success rate: 1/1.
[2021-03-24 12:37:33Z INFO JobServerQueue] Try to append 1 batches web console lines for record '17477f87-fab6-50d5-7dcf-f49cbea510d3', success rate: 1/1.
[2021-03-24 12:37:33Z INFO JobServerQueue] Try to append 1 batches web console lines for record '17477f87-fab6-50d5-7dcf-f49cbea510d3', success rate: 1/1.
[2021-03-24 12:37:34Z INFO JobServerQueue] Try to append 1 batches web console lines for record '17477f87-fab6-50d5-7dcf-f49cbea510d3', success rate: 1/1.
[2021-03-24 12:37:34Z INFO JobServerQueue] Try to append 1 batches web console lines for record '17477f87-fab6-50d5-7dcf-f49cbea510d3', success rate: 1/1.
[2021-03-24 12:37:34Z INFO JobServerQueue] Try to append 1 batches web console lines for record '17477f87-fab6-50d5-7dcf-f49cbea510d3', success rate: 1/1.
[2021-03-24 12:37:35Z INFO JobServerQueue] Try to append 1 batches web console lines for record '17477f87-fab6-50d5-7dcf-f49cbea510d3', success rate: 1/1.
[2021-03-24 12:37:35Z INFO JobServerQueue] Try to append 1 batches web console lines for record '17477f87-fab6-50d5-7dcf-f49cbea510d3', success rate: 1/1.
[2021-03-24 12:37:35Z INFO JobServerQueue] Try to append 1 batches web console lines for record '17477f87-fab6-50d5-7dcf-f49cbea510d3', success rate: 1/1.
[2021-03-24 12:37:36Z INFO HostContext] Well known directory 'Bin': '/var/www/html/bin'
[2021-03-24 12:37:36Z INFO HostContext] Well known directory 'Root': '/var/www/html'
[2021-03-24 12:37:36Z INFO HostContext] Well known directory 'Work': '/var/www/html/html'
[2021-03-24 12:37:36Z INFO JobServerQueue] Try to append 1 batches web console lines for record '17477f87-fab6-50d5-7dcf-f49cbea510d3', success rate: 1/1.
[2021-03-24 12:37:36Z INFO JobServerQueue] Try to append 1 batches web console lines for record '17477f87-fab6-50d5-7dcf-f49cbea510d3', success rate: 1/1.
[2021-03-24 12:37:36Z INFO JobServerQueue] Try to append 1 batches web console lines for record '17477f87-fab6-50d5-7dcf-f49cbea510d3', success rate: 1/1.
[2021-03-24 12:37:37Z INFO JobServerQueue] Try to append 1 batches web console lines for record '17477f87-fab6-50d5-7dcf-f49cbea510d3', success rate: 1/1.
[2021-03-24 12:37:37Z INFO JobServerQueue] Try to append 1 batches web console lines for record '17477f87-fab6-50d5-7dcf-f49cbea510d3', success rate: 1/1.
[2021-03-24 12:37:38Z INFO JobServerQueue] Try to append 1 batches web console lines for record '17477f87-fab6-50d5-7dcf-f49cbea510d3', success rate: 1/1.
[2021-03-24 12:37:38Z INFO JobServerQueue] Try to append 1 batches web console lines for record '17477f87-fab6-50d5-7dcf-f49cbea510d3', success rate: 1/1.
[2021-03-24 12:37:39Z INFO JobServerQueue] Try to append 1 batches web console lines for record '17477f87-fab6-50d5-7dcf-f49cbea510d3', success rate: 1/1.
[2021-03-24 12:37:39Z INFO ProcessInvokerWrapper] STDOUT/STDERR stream read finished.
[2021-03-24 12:37:39Z INFO ProcessInvokerWrapper] STDOUT/STDERR stream read finished.
[2021-03-24 12:37:39Z INFO ProcessInvokerWrapper] Finished process 551978 with exit code 0, and elapsed time 00:00:09.5984526.
[2021-03-24 12:37:39Z INFO StepsRunner] Step result: 
[2021-03-24 12:37:39Z INFO StepsRunner] No need for updating job result with current step result 'Succeeded'.
[2021-03-24 12:37:39Z INFO StepsRunner] Current state: job state = ''
[2021-03-24 12:37:39Z INFO StepsRunner] Processing step: DisplayName='Post Run actions/checkout@v2'
[2021-03-24 12:37:39Z INFO StepsRunner] Initialize Env context for step
[2021-03-24 12:37:39Z INFO StepsRunner] Evaluating: always()
[2021-03-24 12:37:39Z INFO StepsRunner] Result: true
[2021-03-24 12:37:39Z INFO StepsRunner] Starting the step.
[2021-03-24 12:37:39Z INFO HostContext] Well known directory 'Bin': '/var/www/html/bin'
[2021-03-24 12:37:39Z INFO HostContext] Well known directory 'Root': '/var/www/html'
[2021-03-24 12:37:39Z INFO HostContext] Well known directory 'Work': '/var/www/html/html'
[2021-03-24 12:37:39Z INFO HostContext] Well known directory 'Actions': '/var/www/html/html/_actions'
[2021-03-24 12:37:39Z INFO ActionManager] Load action that reference repository from '/var/www/html/html/_actions/actions/checkout/v2'
[2021-03-24 12:37:39Z INFO HostContext] Well known directory 'Bin': '/var/www/html/bin'
[2021-03-24 12:37:39Z INFO HostContext] Well known directory 'Root': '/var/www/html'
[2021-03-24 12:37:39Z INFO HostContext] Well known directory 'Work': '/var/www/html/html'
[2021-03-24 12:37:39Z INFO HostContext] Well known directory 'Actions': '/var/www/html/html/_actions'
[2021-03-24 12:37:39Z INFO ActionManifestManager] Loaded action.yml file: {
  "name": "Checkout",
  "description": "Checkout a Git repository at a particular version",
  "inputs": {
    "type": 2,
    "map": [
      {
        "key": {
          "type": 0,
          "file": 2,
          "line": 4,
          "col": 3,
          "lit": "repository"
        },
        "value": {
          "type": 3,
          "file": 2,
          "line": 6,
          "col": 14,
          "expr": "github.repository"
        }
      },
      {
        "key": {
          "type": 0,
          "file": 2,
          "line": 7,
          "col": 3,
          "lit": "ref"
        },
        "value": ""
      },
      {
        "key": {
          "type": 0,
          "file": 2,
          "line": 12,
          "col": 3,
          "lit": "token"
        },
        "value": {
          "type": 3,
          "file": 2,
          "line": 24,
          "col": 14,
          "expr": "github.token"
        }
      },
      {
        "key": {
          "type": 0,
          "file": 2,
          "line": 25,
          "col": 3,
          "lit": "ssh-key"
        },
        "value": ""
      },
      {
        "key": {
          "type": 0,
          "file": 2,
          "line": 37,
          "col": 3,
          "lit": "ssh-known-hosts"
        },
        "value": ""
      },
      {
        "key": {
          "type": 0,
          "file": 2,
          "line": 42,
          "col": 3,
          "lit": "ssh-strict"
        },
        "value": {
          "type": 0,
          "file": 2,
          "line": 47,
          "col": 14,
          "lit": "true"
        }
      },
      {
        "key": {
          "type": 0,
          "file": 2,
          "line": 48,
          "col": 3,
          "lit": "persist-credentials"
        },
        "value": {
          "type": 0,
          "file": 2,
          "line": 50,
          "col": 14,
          "lit": "true"
        }
      },
      {
        "key": {
          "type": 0,
          "file": 2,
          "line": 51,
          "col": 3,
          "lit": "path"
        },
        "value": ""
      },
      {
        "key": {
          "type": 0,
          "file": 2,
          "line": 53,
          "col": 3,
          "lit": "clean"
        },
        "value": {
          "type": 0,
          "file": 2,
          "line": 55,
          "col": 14,
          "lit": "true"
        }
      },
      {
        "key": {
          "type": 0,
          "file": 2,
          "line": 56,
          "col": 3,
          "lit": "fetch-depth"
        },
        "value": {
          "type": 0,
          "file": 2,
          "line": 58,
          "col": 14,
          "lit": "1"
        }
      },
      {
        "key": {
          "type": 0,
          "file": 2,
          "line": 59,
          "col": 3,
          "lit": "lfs"
        },
        "value": {
          "type": 0,
          "file": 2,
          "line": 61,
          "col": 14,
          "lit": "false"
        }
      },
      {
        "key": {
          "type": 0,
          "file": 2,
          "line": 62,
          "col": 3,
          "lit": "submodules"
        },
        "value": {
          "type": 0,
          "file": 2,
          "line": 70,
          "col": 14,
          "lit": "false"
        }
      }
    ]
  },
  "execution": {
    "executionType": "nodeJS",
    "hasPre": false,
    "hasPost": true,
    "script": "dist/index.js",
    "pre": null,
    "post": "dist/index.js",
    "cleanupCondition": "always()",
    "initCondition": "always()"
  },
  "deprecated": null
}
[2021-03-24 12:37:39Z INFO ActionManager] Action pre node.js file: N/A.
[2021-03-24 12:37:39Z INFO ActionManager] Action node.js file: dist/index.js.
[2021-03-24 12:37:39Z INFO ActionManager] Action post node.js file: dist/index.js.
[2021-03-24 12:37:39Z INFO HostContext] Well known directory 'Bin': '/var/www/html/bin'
[2021-03-24 12:37:39Z INFO HostContext] Well known directory 'Root': '/var/www/html'
[2021-03-24 12:37:39Z INFO HostContext] Well known directory 'Work': '/var/www/html/html'
[2021-03-24 12:37:39Z INFO HostContext] Well known directory 'Temp': '/var/www/html/html/_temp'
[2021-03-24 12:37:39Z INFO ActionRunner] Write event payload to /var/www/html/html/_temp/_github_workflow/event.json
[2021-03-24 12:37:39Z INFO HostContext] Well known directory 'Bin': '/var/www/html/bin'
[2021-03-24 12:37:39Z INFO HostContext] Well known directory 'Root': '/var/www/html'
[2021-03-24 12:37:39Z INFO HostContext] Well known directory 'Work': '/var/www/html/html'
[2021-03-24 12:37:39Z INFO HostContext] Well known directory 'Temp': '/var/www/html/html/_temp'
[2021-03-24 12:37:39Z INFO ExtensionManager] Getting extensions for interface: 'GitHub.Runner.Worker.IFileCommandExtension'
[2021-03-24 12:37:39Z INFO ActionManifestManager] Input 'repository': default value evaluate result: {
  "type": 0,
  "file": 2,
  "line": 6,
  "col": 14,
  "lit": "samofficial-cloud/UPMIS"
}
[2021-03-24 12:37:39Z INFO ActionManifestManager] Input 'ref': default value evaluate result: ""
[2021-03-24 12:37:39Z INFO ActionManifestManager] Input 'token': default value evaluate result: {
  "type": 0,
  "file": 2,
  "line": 24,
  "col": 14,
  "lit": "***"
}
[2021-03-24 12:37:39Z INFO ActionManifestManager] Input 'ssh-key': default value evaluate result: ""
[2021-03-24 12:37:39Z INFO ActionManifestManager] Input 'ssh-known-hosts': default value evaluate result: ""
[2021-03-24 12:37:39Z INFO ActionManifestManager] Input 'ssh-strict': default value evaluate result: {
  "type": 0,
  "file": 2,
  "line": 47,
  "col": 14,
  "lit": "true"
}
[2021-03-24 12:37:39Z INFO ActionManifestManager] Input 'persist-credentials': default value evaluate result: {
  "type": 0,
  "file": 2,
  "line": 50,
  "col": 14,
  "lit": "true"
}
[2021-03-24 12:37:39Z INFO ActionManifestManager] Input 'path': default value evaluate result: ""
[2021-03-24 12:37:39Z INFO ActionManifestManager] Input 'clean': default value evaluate result: {
  "type": 0,
  "file": 2,
  "line": 55,
  "col": 14,
  "lit": "true"
}
[2021-03-24 12:37:39Z INFO ActionManifestManager] Input 'fetch-depth': default value evaluate result: {
  "type": 0,
  "file": 2,
  "line": 58,
  "col": 14,
  "lit": "1"
}
[2021-03-24 12:37:39Z INFO ActionManifestManager] Input 'lfs': default value evaluate result: {
  "type": 0,
  "file": 2,
  "line": 61,
  "col": 14,
  "lit": "false"
}
[2021-03-24 12:37:39Z INFO ActionManifestManager] Input 'submodules': default value evaluate result: {
  "type": 0,
  "file": 2,
  "line": 70,
  "col": 14,
  "lit": "false"
}
[2021-03-24 12:37:39Z INFO ExtensionManager] Getting extensions for interface: 'GitHub.Runner.Worker.IActionCommandExtension'
[2021-03-24 12:37:39Z INFO ActionCommandManager] Register action command extension for command internal-set-repo-path
[2021-03-24 12:37:39Z INFO ActionCommandManager] Register action command extension for command set-env
[2021-03-24 12:37:39Z INFO ActionCommandManager] Register action command extension for command set-output
[2021-03-24 12:37:39Z INFO ActionCommandManager] Register action command extension for command save-state
[2021-03-24 12:37:39Z INFO ActionCommandManager] Register action command extension for command add-path
[2021-03-24 12:37:39Z INFO ActionCommandManager] Register action command extension for command add-mask
[2021-03-24 12:37:39Z INFO ActionCommandManager] Register action command extension for command add-matcher
[2021-03-24 12:37:39Z INFO ActionCommandManager] Register action command extension for command remove-matcher
[2021-03-24 12:37:39Z INFO ActionCommandManager] Register action command extension for command warning
[2021-03-24 12:37:39Z INFO ActionCommandManager] Register action command extension for command error
[2021-03-24 12:37:39Z INFO ActionCommandManager] Register action command extension for command debug
[2021-03-24 12:37:39Z INFO ActionCommandManager] Register action command extension for command group
[2021-03-24 12:37:39Z INFO ActionCommandManager] Register action command extension for command endgroup
[2021-03-24 12:37:39Z INFO ActionCommandManager] Register action command extension for command echo
[2021-03-24 12:37:39Z INFO HostContext] Well known directory 'Bin': '/var/www/html/bin'
[2021-03-24 12:37:39Z INFO HostContext] Well known directory 'Root': '/var/www/html'
[2021-03-24 12:37:39Z INFO HostContext] Well known directory 'Externals': '/var/www/html/externals'
[2021-03-24 12:37:39Z INFO ProcessInvokerWrapper] Starting process:
[2021-03-24 12:37:39Z INFO ProcessInvokerWrapper]   File name: '/var/www/html/externals/node12/bin/node'
[2021-03-24 12:37:39Z INFO ProcessInvokerWrapper]   Arguments: '"/var/www/html/html/_actions/actions/checkout/v2/dist/index.js"'
[2021-03-24 12:37:39Z INFO ProcessInvokerWrapper]   Working directory: '/var/www/html/html/UPMIS/UPMIS'
[2021-03-24 12:37:39Z INFO ProcessInvokerWrapper]   Require exit code zero: 'False'
[2021-03-24 12:37:39Z INFO ProcessInvokerWrapper]   Encoding web name:  ; code page: ''
[2021-03-24 12:37:39Z INFO ProcessInvokerWrapper]   Force kill process on cancellation: 'False'
[2021-03-24 12:37:39Z INFO ProcessInvokerWrapper]   Redirected STDIN: 'False'
[2021-03-24 12:37:39Z INFO ProcessInvokerWrapper]   Persist current code page: 'False'
[2021-03-24 12:37:39Z INFO ProcessInvokerWrapper]   Keep redirected STDIN open: 'False'
[2021-03-24 12:37:39Z INFO ProcessInvokerWrapper]   High priority process: 'False'
[2021-03-24 12:37:39Z INFO ProcessInvokerWrapper] Updated oom_score_adj to 500 for PID: 552462.
[2021-03-24 12:37:39Z INFO ProcessInvokerWrapper] Process started with process id 552462, waiting for process exit.
[2021-03-24 12:37:39Z INFO JobServerQueue] Try to append 1 batches web console lines for record '17477f87-fab6-50d5-7dcf-f49cbea510d3', success rate: 1/1.
[2021-03-24 12:37:39Z INFO AddMaskCommandExtension] Add new secret mask with length of 32
[2021-03-24 12:37:39Z INFO JobServerQueue] Try to append 1 batches web console lines for record 'cf49cdc5-8f99-4aba-aa06-053000c21d45', success rate: 1/1.
[2021-03-24 12:37:39Z INFO ProcessInvokerWrapper] STDOUT/STDERR stream read finished.
[2021-03-24 12:37:39Z INFO ProcessInvokerWrapper] STDOUT/STDERR stream read finished.
[2021-03-24 12:37:39Z INFO ProcessInvokerWrapper] Finished process 552462 with exit code 0, and elapsed time 00:00:00.4899178.
[2021-03-24 12:37:39Z INFO StepsRunner] Step result: 
[2021-03-24 12:37:39Z INFO StepsRunner] No need for updating job result with current step result 'Succeeded'.
[2021-03-24 12:37:39Z INFO StepsRunner] Current state: job state = ''
[2021-03-24 12:37:39Z INFO JobRunner] Finalize job.
[2021-03-24 12:37:39Z INFO HostContext] Well known directory 'Bin': '/var/www/html/bin'
[2021-03-24 12:37:39Z INFO HostContext] Well known directory 'Root': '/var/www/html'
[2021-03-24 12:37:39Z INFO HostContext] Well known directory 'Diag': '/var/www/html/_diag'
[2021-03-24 12:37:39Z INFO JobExtension] Initialize Env context
[2021-03-24 12:37:39Z INFO JobExtension] Initialize steps context
[2021-03-24 12:37:39Z INFO JobExtension] Total accessible running process: 40.
[2021-03-24 12:37:39Z INFO JobRunner] Job result after all job steps finish: Succeeded
[2021-03-24 12:37:39Z INFO JobRunner] Completing the job execution context.
[2021-03-24 12:37:39Z INFO JobRunner] Shutting down the job server queue.
[2021-03-24 12:37:39Z INFO JobServerQueue] Fire signal to shutdown all queues.
[2021-03-24 12:37:40Z INFO JobServerQueue] Try to upload 2 log files or attachments, success rate: 2/2.
[2021-03-24 12:37:41Z INFO JobServerQueue] All queue process task stopped.
[2021-03-24 12:37:41Z INFO JobServerQueue] Try to append 1 batches web console lines for record 'cf49cdc5-8f99-4aba-aa06-053000c21d45', success rate: 1/1.
[2021-03-24 12:37:41Z INFO JobServerQueue] Try to append 1 batches web console lines for record '5157b777-6096-490d-8edf-d4fbeaa3e028', success rate: 1/1.
[2021-03-24 12:37:41Z INFO JobServerQueue] Web console line queue drained.
[2021-03-24 12:37:41Z INFO JobServerQueue] Uploading 2 files in one shot.
[2021-03-24 12:37:41Z INFO JobServerQueue] Try to upload 2 log files or attachments, success rate: 2/2.
[2021-03-24 12:37:41Z INFO JobServerQueue] File upload queue drained.
[2021-03-24 12:37:41Z INFO JobServerQueue] Timeline update queue drained.
[2021-03-24 12:37:41Z INFO JobServerQueue] All queue process tasks have been stopped, and all queues are drained.
[2021-03-24 12:37:41Z INFO TempDirectoryManager] Cleaning runner temp folder: /var/www/html/html/_temp
[2021-03-24 12:37:41Z INFO JobRunner] Raising job completed event.
[2021-03-24 12:37:42Z INFO Worker] Job completed.
